#
# There is insufficient memory for the Java Runtime Environment to continue.
# Native memory allocation (malloc) failed to allocate 2135296 bytes for Chunk::new
# Possible reasons:
#   The system is out of physical RAM or swap space
#   The process is running with CompressedOops enabled, and the Java Heap may be blocking the growth of the native heap
# Possible solutions:
#   Reduce memory load on the system
#   Increase physical memory or swap space
#   Check if swap backing store is full
#   Decrease Java heap size (-Xmx/-Xms)
#   Decrease number of Java threads
#   Decrease Java thread stack sizes (-Xss)
#   Set larger code cache with -XX:ReservedCodeCacheSize=
#   JVM is running with Unscaled Compressed Oops mode in which the Java heap is
#     placed in the first 4GB address space. The Java Heap base address is the
#     maximum limit for the native heap growth. Please use -XX:HeapBaseMinAddress
#     to set the Java Heap base and to place the Java Heap above 4GB virtual address.
# This output file may be truncated or incomplete.
#
#  Out of Memory Error (t:/workspace/open/src/hotspot/share/memory/arena.cpp:196), pid=11500, tid=10660
#
# JRE version: Java(TM) SE Runtime Environment (13.0.2+8) (build 13.0.2+8)
# Java VM: Java HotSpot(TM) 64-Bit Server VM (13.0.2+8, mixed mode, sharing, tiered, compressed oops, g1 gc, windows-amd64)
# No core dump will be written. Minidumps are not enabled by default on client versions of Windows
#

---------------  S U M M A R Y ------------

Command Line: -Dfile.encoding=UTF-8 com.tecnocode.TecnocodeApplication

Host: Intel(R) Core(TM) i5-8265U CPU @ 1.60GHz, 8 cores, 7G,  Windows 10 , 64 bit Build 19041 (10.0.19041.804)
Time: Fri Apr  2 20:21:35 2021 Hora oficial do Brasil elapsed time: 10 seconds (0d 0h 0m 10s)

---------------  T H R E A D  ---------------

Current thread (0x000001d84f30d800):  JavaThread "C2 CompilerThread2" daemon [_thread_in_native, id=10660, stack(0x00000022a8100000,0x00000022a8200000)]


Current CompileTask:
C2:  10125 5512   !   4       org.springframework.core.annotation.AnnotationsScanner::processMethodHierarchy (276 bytes)

Stack: [0x00000022a8100000,0x00000022a8200000]
Native frames: (J=compiled Java code, j=interpreted, Vv=VM code, C=native code)
V  [jvm.dll+0x624f9a]
V  [jvm.dll+0x770cfa]
V  [jvm.dll+0x7724af]
V  [jvm.dll+0x772ab3]
V  [jvm.dll+0x24bf08]
V  [jvm.dll+0xc1e47]
V  [jvm.dll+0xc23cc]
V  [jvm.dll+0x35c0c5]
V  [jvm.dll+0x19f100]
V  [jvm.dll+0x205d36]
V  [jvm.dll+0x204e3f]
V  [jvm.dll+0x189c2c]
V  [jvm.dll+0x213e6d]
V  [jvm.dll+0x2120bb]
V  [jvm.dll+0x736bb6]
V  [jvm.dll+0x72fcaa]
V  [jvm.dll+0x623ea6]
C  [ucrtbase.dll+0x21bb2]
C  [KERNEL32.DLL+0x17034]
C  [ntdll.dll+0x52651]


---------------  P R O C E S S  ---------------

Threads class SMR info:
_java_thread_list=0x000001d851789e10, length=23, elements={
0x000001d82cba9800, 0x000001d84bad7000, 0x000001d84badb000, 0x000001d84baf4800,
0x000001d84baf6800, 0x000001d84baf8800, 0x000001d84bafa800, 0x000001d84bb01800,
0x000001d84c564000, 0x000001d84c5a9800, 0x000001d84cce4000, 0x000001d84d0e3800,
0x000001d851de8800, 0x000001d84f36d800, 0x000001d84f4f6800, 0x000001d84f712000,
0x000001d851754800, 0x000001d85261e000, 0x000001d852432800, 0x000001d852432000,
0x000001d852436000, 0x000001d84f519000, 0x000001d84f30d800
}

Java Threads: ( => current thread )
  0x000001d82cba9800 JavaThread "main" [_thread_blocked, id=3148, stack(0x00000022a5c00000,0x00000022a5d00000)]
  0x000001d84bad7000 JavaThread "Reference Handler" daemon [_thread_blocked, id=6756, stack(0x00000022a6300000,0x00000022a6400000)]
  0x000001d84badb000 JavaThread "Finalizer" daemon [_thread_blocked, id=11744, stack(0x00000022a6400000,0x00000022a6500000)]
  0x000001d84baf4800 JavaThread "Signal Dispatcher" daemon [_thread_blocked, id=8936, stack(0x00000022a6500000,0x00000022a6600000)]
  0x000001d84baf6800 JavaThread "Attach Listener" daemon [_thread_blocked, id=12104, stack(0x00000022a6600000,0x00000022a6700000)]
  0x000001d84baf8800 JavaThread "C2 CompilerThread0" daemon [_thread_in_native, id=11312, stack(0x00000022a6700000,0x00000022a6800000)]
  0x000001d84bafa800 JavaThread "C1 CompilerThread0" daemon [_thread_blocked, id=7244, stack(0x00000022a6800000,0x00000022a6900000)]
  0x000001d84bb01800 JavaThread "Sweeper thread" daemon [_thread_blocked, id=11416, stack(0x00000022a6900000,0x00000022a6a00000)]
  0x000001d84c564000 JavaThread "Service Thread" daemon [_thread_blocked, id=8220, stack(0x00000022a6a00000,0x00000022a6b00000)]
  0x000001d84c5a9800 JavaThread "Common-Cleaner" daemon [_thread_blocked, id=8232, stack(0x00000022a6c00000,0x00000022a6d00000)]
  0x000001d84cce4000 JavaThread "Thread-0" [_thread_blocked, id=4372, stack(0x00000022a7100000,0x00000022a7200000)]
  0x000001d84d0e3800 JavaThread "restartedMain" [_thread_in_native, id=6156, stack(0x00000022a7200000,0x00000022a7300000)]
  0x000001d851de8800 JavaThread "Catalina-utility-1" [_thread_blocked, id=9848, stack(0x00000022a7900000,0x00000022a7a00000)]
  0x000001d84f36d800 JavaThread "Catalina-utility-2" [_thread_blocked, id=3720, stack(0x00000022a7a00000,0x00000022a7b00000)]
  0x000001d84f4f6800 JavaThread "container-0" [_thread_blocked, id=2856, stack(0x00000022a7b00000,0x00000022a7c00000)]
  0x000001d84f712000 JavaThread "Timer-0" daemon [_thread_blocked, id=6696, stack(0x00000022a7c00000,0x00000022a7d00000)]
  0x000001d851754800 JavaThread "oracle.jdbc.driver.BlockSource.ThreadedCachingBlockSource.BlockReleaser" daemon [_thread_blocked, id=4556, stack(0x00000022a7d00000,0x00000022a7e00000)]
  0x000001d85261e000 JavaThread "InterruptTimer" daemon [_thread_blocked, id=5880, stack(0x00000022a7e00000,0x00000022a7f00000)]
  0x000001d852432800 JavaThread "HikariPool-1 housekeeper" daemon [_thread_blocked, id=4476, stack(0x00000022a6f00000,0x00000022a7000000)]
  0x000001d852432000 JavaThread "HikariPool-1 connection adder" daemon [_thread_blocked, id=10900, stack(0x00000022a7000000,0x00000022a7100000)]
  0x000001d852436000 JavaThread "Live Reload Server" daemon [_thread_in_native, id=5712, stack(0x00000022a8000000,0x00000022a8100000)]
  0x000001d84f519000 JavaThread "C2 CompilerThread1" daemon [_thread_in_native, id=11780, stack(0x00000022a7f00000,0x00000022a8000000)]
=>0x000001d84f30d800 JavaThread "C2 CompilerThread2" daemon [_thread_in_native, id=10660, stack(0x00000022a8100000,0x00000022a8200000)]

Other Threads:
  0x000001d84bad5000 VMThread "VM Thread" [stack: 0x00000022a6200000,0x00000022a6300000] [id=10760]
  0x000001d84c579000 WatcherThread [stack: 0x00000022a6b00000,0x00000022a6c00000] [id=11356]
  0x000001d82cbef000 GCTaskThread "GC Thread#0" [stack: 0x00000022a5d00000,0x00000022a5e00000] [id=11936]
  0x000001d84d03e800 GCTaskThread "GC Thread#1" [stack: 0x00000022a6d00000,0x00000022a6e00000] [id=7948]
  0x000001d84cd76000 GCTaskThread "GC Thread#2" [stack: 0x00000022a6e00000,0x00000022a6f00000] [id=8664]
  0x000001d84d847800 GCTaskThread "GC Thread#3" [stack: 0x00000022a7400000,0x00000022a7500000] [id=8228]
  0x000001d84d4f5800 GCTaskThread "GC Thread#4" [stack: 0x00000022a7500000,0x00000022a7600000] [id=10264]
  0x000001d84dd2e000 GCTaskThread "GC Thread#5" [stack: 0x00000022a7600000,0x00000022a7700000] [id=2936]
  0x000001d84d4fa800 GCTaskThread "GC Thread#6" [stack: 0x00000022a7700000,0x00000022a7800000] [id=3380]
  0x000001d84d4fb800 GCTaskThread "GC Thread#7" [stack: 0x00000022a7800000,0x00000022a7900000] [id=5572]
  0x000001d82cc00000 ConcurrentGCThread "G1 Main Marker" [stack: 0x00000022a5e00000,0x00000022a5f00000] [id=9688]
  0x000001d82cc02000 ConcurrentGCThread "G1 Conc#0" [stack: 0x00000022a5f00000,0x00000022a6000000] [id=4760]
  0x000001d84d772800 ConcurrentGCThread "G1 Conc#1" [stack: 0x00000022a7300000,0x00000022a7400000] [id=11836]
  0x000001d84b952800 ConcurrentGCThread "G1 Refine#0" [stack: 0x00000022a6000000,0x00000022a6100000] [id=9924]
  0x000001d84b955000 ConcurrentGCThread "G1 Young RemSet Sampling" [stack: 0x00000022a6100000,0x00000022a6200000] [id=11912]

Threads with active compile tasks:
C2 CompilerThread0    10266 5821       4       org.springframework.core.annotation.TypeMappedAnnotations$MergedAnnotationFinder::doWithAnnotations (75 bytes)
C2 CompilerThread1    10266 5393       4       org.springframework.core.BridgeMethodResolver::findBridgedMethod (117 bytes)
C2 CompilerThread2    10266 5512   !   4       org.springframework.core.annotation.AnnotationsScanner::processMethodHierarchy (276 bytes)

VM state:not at safepoint (normal execution)

VM Mutex/Monitor currently owned by a thread: None

Heap address: 0x0000000081e00000, size: 2018 MB, Compressed Oops mode: 32-bit
Narrow klass base: 0x0000000800000000, Narrow klass shift: 3
Compressed class space size: 1073741824 Address: 0x0000000800b40000

Heap:
 garbage-first heap   total 73728K, used 33461K [0x0000000081e00000, 0x0000000100000000)
  region size 1024K, 7 young (7168K), 4 survivors (4096K)
 Metaspace       used 58954K, capacity 60533K, committed 60752K, reserved 1101824K
  class space    used 7736K, capacity 8369K, committed 8448K, reserved 1048576K
Heap Regions: E=young(eden), S=young(survivor), O=old, HS=humongous(starts), HC=humongous(continues), CS=collection set, F=free, A=archive, TAMS=top-at-mark-start (previous, next)
|   0|0x0000000081e00000, 0x0000000081f00000, 0x0000000081f00000|100%|HS|  |TAMS 0x0000000081f00000, 0x0000000081e00000| Complete 
|   1|0x0000000081f00000, 0x0000000082000000, 0x0000000082000000|100%| O|  |TAMS 0x0000000082000000, 0x0000000081f00000| Updating 
|   2|0x0000000082000000, 0x0000000082100000, 0x0000000082100000|100%| O|  |TAMS 0x0000000082100000, 0x0000000082000000| Updating 
|   3|0x0000000082100000, 0x0000000082200000, 0x0000000082200000|100%| O|  |TAMS 0x0000000082200000, 0x0000000082100000| Updating 
|   4|0x0000000082200000, 0x0000000082300000, 0x0000000082300000|100%| O|  |TAMS 0x0000000082300000, 0x0000000082200000| Updating 
|   5|0x0000000082300000, 0x0000000082400000, 0x0000000082400000|100%| O|  |TAMS 0x0000000082400000, 0x0000000082300000| Updating 
|   6|0x0000000082400000, 0x0000000082500000, 0x0000000082500000|100%| O|  |TAMS 0x0000000082500000, 0x0000000082400000| Updating 
|   7|0x0000000082500000, 0x000000008254b400, 0x0000000082600000| 29%| O|  |TAMS 0x000000008254b400, 0x0000000082500000| Updating 
|   8|0x0000000082600000, 0x0000000082700000, 0x0000000082700000|100%| O|  |TAMS 0x0000000082700000, 0x0000000082600000| Updating 
|   9|0x0000000082700000, 0x0000000082800000, 0x0000000082800000|100%| O|  |TAMS 0x0000000082800000, 0x0000000082700000| Updating 
|  10|0x0000000082800000, 0x0000000082900000, 0x0000000082900000|100%| O|  |TAMS 0x0000000082900000, 0x0000000082800000| Updating 
|  11|0x0000000082900000, 0x0000000082a00000, 0x0000000082a00000|100%| O|  |TAMS 0x0000000082a00000, 0x0000000082900000| Updating 
|  12|0x0000000082a00000, 0x0000000082b00000, 0x0000000082b00000|100%| O|  |TAMS 0x0000000082b00000, 0x0000000082a00000| Updating 
|  13|0x0000000082b00000, 0x0000000082c00000, 0x0000000082c00000|100%| O|  |TAMS 0x0000000082c00000, 0x0000000082b00000| Updating 
|  14|0x0000000082c00000, 0x0000000082d00000, 0x0000000082d00000|100%| O|  |TAMS 0x0000000082d00000, 0x0000000082c00000| Updating 
|  15|0x0000000082d00000, 0x0000000082e00000, 0x0000000082e00000|100%| O|  |TAMS 0x0000000082e00000, 0x0000000082d00000| Updating 
|  16|0x0000000082e00000, 0x0000000082f00000, 0x0000000082f00000|100%| O|  |TAMS 0x0000000082f00000, 0x0000000082e00000| Updating 
|  17|0x0000000082f00000, 0x0000000083000000, 0x0000000083000000|100%| O|  |TAMS 0x0000000083000000, 0x0000000082f00000| Updating 
|  18|0x0000000083000000, 0x0000000083100000, 0x0000000083100000|100%| O|  |TAMS 0x0000000083100000, 0x0000000083000000| Updating 
|  19|0x0000000083100000, 0x0000000083200000, 0x0000000083200000|100%| O|  |TAMS 0x0000000083200000, 0x0000000083100000| Updating 
|  20|0x0000000083200000, 0x0000000083300000, 0x0000000083300000|100%| O|  |TAMS 0x0000000083300000, 0x0000000083200000| Updating 
|  21|0x0000000083300000, 0x0000000083400000, 0x0000000083400000|100%| O|  |TAMS 0x0000000083400000, 0x0000000083300000| Updating 
|  22|0x0000000083400000, 0x0000000083500000, 0x0000000083500000|100%| O|  |TAMS 0x0000000083500000, 0x0000000083400000| Updating 
|  23|0x0000000083500000, 0x0000000083600000, 0x0000000083600000|100%| O|  |TAMS 0x0000000083600000, 0x0000000083500000| Updating 
|  24|0x0000000083600000, 0x0000000083700000, 0x0000000083700000|100%| O|  |TAMS 0x0000000083700000, 0x0000000083600000| Updating 
|  25|0x0000000083700000, 0x0000000083800000, 0x0000000083800000|100%| O|  |TAMS 0x0000000083800000, 0x0000000083700000| Updating 
|  26|0x0000000083800000, 0x0000000083900000, 0x0000000083900000|100%| O|  |TAMS 0x0000000083866a00, 0x0000000083800000| Updating 
|  27|0x0000000083900000, 0x0000000083a00000, 0x0000000083a00000|100%| O|  |TAMS 0x0000000083900000, 0x0000000083900000| Untracked 
|  28|0x0000000083a00000, 0x0000000083a3b000, 0x0000000083b00000| 23%| O|  |TAMS 0x0000000083a00000, 0x0000000083a00000| Updating 
|  29|0x0000000083b00000, 0x0000000083b00000, 0x0000000083c00000|  0%| F|  |TAMS 0x0000000083b00000, 0x0000000083b00000| Untracked 
|  30|0x0000000083c00000, 0x0000000083c00000, 0x0000000083d00000|  0%| F|  |TAMS 0x0000000083c00000, 0x0000000083c00000| Untracked 
|  31|0x0000000083d00000, 0x0000000083d00000, 0x0000000083e00000|  0%| F|  |TAMS 0x0000000083d00000, 0x0000000083d00000| Untracked 
|  32|0x0000000083e00000, 0x0000000083e00000, 0x0000000083f00000|  0%| F|  |TAMS 0x0000000083e00000, 0x0000000083e00000| Untracked 
|  33|0x0000000083f00000, 0x0000000083f00000, 0x0000000084000000|  0%| F|  |TAMS 0x0000000083f00000, 0x0000000083f00000| Untracked 
|  34|0x0000000084000000, 0x0000000084000000, 0x0000000084100000|  0%| F|  |TAMS 0x0000000084000000, 0x0000000084000000| Untracked 
|  35|0x0000000084100000, 0x0000000084100000, 0x0000000084200000|  0%| F|  |TAMS 0x0000000084100000, 0x0000000084100000| Untracked 
|  36|0x0000000084200000, 0x0000000084200000, 0x0000000084300000|  0%| F|  |TAMS 0x0000000084200000, 0x0000000084200000| Untracked 
|  37|0x0000000084300000, 0x0000000084300000, 0x0000000084400000|  0%| F|  |TAMS 0x0000000084300000, 0x0000000084300000| Untracked 
|  38|0x0000000084400000, 0x0000000084400000, 0x0000000084500000|  0%| F|  |TAMS 0x0000000084400000, 0x0000000084400000| Untracked 
|  39|0x0000000084500000, 0x0000000084500000, 0x0000000084600000|  0%| F|  |TAMS 0x0000000084500000, 0x0000000084500000| Untracked 
|  40|0x0000000084600000, 0x0000000084600000, 0x0000000084700000|  0%| F|  |TAMS 0x0000000084600000, 0x0000000084600000| Untracked 
|  41|0x0000000084700000, 0x0000000084700000, 0x0000000084800000|  0%| F|  |TAMS 0x0000000084700000, 0x0000000084700000| Untracked 
|  42|0x0000000084800000, 0x0000000084800000, 0x0000000084900000|  0%| F|  |TAMS 0x0000000084800000, 0x0000000084800000| Untracked 
|  43|0x0000000084900000, 0x0000000084900000, 0x0000000084a00000|  0%| F|  |TAMS 0x0000000084900000, 0x0000000084900000| Untracked 
|  44|0x0000000084a00000, 0x0000000084a00000, 0x0000000084b00000|  0%| F|  |TAMS 0x0000000084a00000, 0x0000000084a00000| Untracked 
|  45|0x0000000084b00000, 0x0000000084b00000, 0x0000000084c00000|  0%| F|  |TAMS 0x0000000084b00000, 0x0000000084b00000| Untracked 
|  46|0x0000000084c00000, 0x0000000084c00000, 0x0000000084d00000|  0%| F|  |TAMS 0x0000000084c00000, 0x0000000084c00000| Untracked 
|  47|0x0000000084d00000, 0x0000000084d00000, 0x0000000084e00000|  0%| F|  |TAMS 0x0000000084d00000, 0x0000000084d00000| Untracked 
|  48|0x0000000084e00000, 0x0000000084e27010, 0x0000000084f00000| 15%| S|CS|TAMS 0x0000000084e00000, 0x0000000084e00000| Complete 
|  49|0x0000000084f00000, 0x0000000085000000, 0x0000000085000000|100%| S|CS|TAMS 0x0000000084f00000, 0x0000000084f00000| Complete 
|  50|0x0000000085000000, 0x0000000085100000, 0x0000000085100000|100%| S|CS|TAMS 0x0000000085000000, 0x0000000085000000| Complete 
|  51|0x0000000085100000, 0x0000000085200000, 0x0000000085200000|100%| S|CS|TAMS 0x0000000085100000, 0x0000000085100000| Complete 
|  52|0x0000000085200000, 0x0000000085200000, 0x0000000085300000|  0%| F|  |TAMS 0x0000000085200000, 0x0000000085200000| Untracked 
|  53|0x0000000085300000, 0x0000000085300000, 0x0000000085400000|  0%| F|  |TAMS 0x0000000085300000, 0x0000000085300000| Untracked 
|  54|0x0000000085400000, 0x0000000085400000, 0x0000000085500000|  0%| F|  |TAMS 0x0000000085400000, 0x0000000085400000| Untracked 
|  55|0x0000000085500000, 0x0000000085500000, 0x0000000085600000|  0%| F|  |TAMS 0x0000000085500000, 0x0000000085500000| Untracked 
|  56|0x0000000085600000, 0x0000000085600000, 0x0000000085700000|  0%| F|  |TAMS 0x0000000085600000, 0x0000000085600000| Untracked 
|  57|0x0000000085700000, 0x0000000085700000, 0x0000000085800000|  0%| F|  |TAMS 0x0000000085700000, 0x0000000085700000| Untracked 
|  58|0x0000000085800000, 0x0000000085800000, 0x0000000085900000|  0%| F|  |TAMS 0x0000000085800000, 0x0000000085800000| Untracked 
|  59|0x0000000085900000, 0x0000000085900000, 0x0000000085a00000|  0%| F|  |TAMS 0x0000000085900000, 0x0000000085900000| Untracked 
|  60|0x0000000085a00000, 0x0000000085a00000, 0x0000000085b00000|  0%| F|  |TAMS 0x0000000085a00000, 0x0000000085a00000| Untracked 
|  61|0x0000000085b00000, 0x0000000085b00000, 0x0000000085c00000|  0%| F|  |TAMS 0x0000000085b00000, 0x0000000085b00000| Untracked 
|  62|0x0000000085c00000, 0x0000000085c00000, 0x0000000085d00000|  0%| F|  |TAMS 0x0000000085c00000, 0x0000000085c00000| Untracked 
|  63|0x0000000085d00000, 0x0000000085d00000, 0x0000000085e00000|  0%| F|  |TAMS 0x0000000085d00000, 0x0000000085d00000| Untracked 
|  64|0x0000000085e00000, 0x0000000085e00000, 0x0000000085f00000|  0%| F|  |TAMS 0x0000000085e00000, 0x0000000085e00000| Untracked 
|  65|0x0000000085f00000, 0x0000000085f00000, 0x0000000086000000|  0%| F|  |TAMS 0x0000000085f00000, 0x0000000085f00000| Untracked 
|  66|0x0000000086000000, 0x0000000086000000, 0x0000000086100000|  0%| F|  |TAMS 0x0000000086000000, 0x0000000086000000| Untracked 
|  67|0x0000000086100000, 0x0000000086100000, 0x0000000086200000|  0%| F|  |TAMS 0x0000000086100000, 0x0000000086100000| Untracked 
|  68|0x0000000086200000, 0x000000008627efe8, 0x0000000086300000| 49%| E|  |TAMS 0x0000000086200000, 0x0000000086200000| Complete 
|  69|0x0000000086300000, 0x0000000086400000, 0x0000000086400000|100%| E|CS|TAMS 0x0000000086300000, 0x0000000086300000| Complete 
|  70|0x0000000086400000, 0x0000000086500000, 0x0000000086500000|100%| E|CS|TAMS 0x0000000086400000, 0x0000000086400000| Complete 
| 127|0x0000000089d00000, 0x0000000089e00000, 0x0000000089e00000|100%| E|CS|TAMS 0x0000000089d00000, 0x0000000089d00000| Complete 

Card table byte_map: [0x000001d8448f0000,0x000001d844cf0000] _byte_map_base: 0x000001d8444e1000

Marking Bits (Prev, Next): (CMBitMap*) 0x000001d82cbef938, (CMBitMap*) 0x000001d82cbef8f8
 Prev Bits: [0x000001d847080000, 0x000001d849008000)
 Next Bits: [0x000001d8450f0000, 0x000001d847078000)

Polling page: 0x000001d82ab80000

Metaspace:

Usage:
  Non-class:     50.94 MB capacity,    50.04 MB ( 98%) used,   733.27 KB (  1%) free+waste,   189.94 KB ( <1%) overhead. 
      Class:      8.17 MB capacity,     7.56 MB ( 92%) used,   540.55 KB (  6%) free+waste,    89.31 KB (  1%) overhead. 
       Both:     59.11 MB capacity,    57.60 MB ( 97%) used,     1.24 MB (  2%) free+waste,   279.25 KB ( <1%) overhead. 

Virtual space:
  Non-class space:       52.00 MB reserved,      51.08 MB ( 98%) committed 
      Class space:        1.00 GB reserved,       8.25 MB ( <1%) committed 
             Both:        1.05 GB reserved,      59.33 MB (  6%) committed 

Chunk freelists:
   Non-Class:  44.00 KB
       Class:  15.00 KB
        Both:  59.00 KB

MaxMetaspaceSize: 17179869184.00 GB
CompressedClassSpaceSize: 1.00 GB

CodeHeap 'non-profiled nmethods': size=120000Kb used=3284Kb max_used=3457Kb free=116715Kb
 bounds [0x000001d83cb80000, 0x000001d83cf00000, 0x000001d8440b0000]
CodeHeap 'profiled nmethods': size=120000Kb used=11730Kb max_used=12581Kb free=108269Kb
 bounds [0x000001d835650000, 0x000001d8362a0000, 0x000001d83cb80000]
CodeHeap 'non-nmethods': size=5760Kb used=1333Kb max_used=1401Kb free=4426Kb
 bounds [0x000001d8350b0000, 0x000001d835320000, 0x000001d835650000]
 total_blobs=8305 nmethods=5308 adapters=527
 compilation: enabled
              stopped_count=0, restarted_count=0
 full_count=0

Compilation events (20 events):
Event: 10.105 Thread 0x000001d84bafa800 5859       2       org.springframework.orm.jpa.support.PersistenceAnnotationBeanPostProcessor$$Lambda$462/0x0000000800e38c40::get$Lambda (10 bytes)
Event: 10.105 Thread 0x000001d84bafa800 nmethod 5859 0x000001d835ae8410 code [0x000001d835ae85c0, 0x000001d835ae8818]
Event: 10.105 Thread 0x000001d84bafa800 5860       2       org.springframework.orm.jpa.support.PersistenceAnnotationBeanPostProcessor$$Lambda$462/0x0000000800e38c40::<init> (15 bytes)
Event: 10.105 Thread 0x000001d84bafa800 nmethod 5860 0x000001d835e6f090 code [0x000001d835e6f240, 0x000001d835e6f458]
Event: 10.105 Thread 0x000001d84bafa800 5861       2       org.springframework.orm.jpa.support.PersistenceAnnotationBeanPostProcessor$$Lambda$463/0x0000000800e39040::get$Lambda (11 bytes)
Event: 10.106 Thread 0x000001d84bafa800 nmethod 5861 0x000001d835a53e90 code [0x000001d835a54040, 0x000001d835a542f8]
Event: 10.106 Thread 0x000001d84bafa800 5862       2       org.springframework.context.annotation.CommonAnnotationBeanPostProcessor$$Lambda$465/0x0000000800e39c40::get$Lambda (10 bytes)
Event: 10.106 Thread 0x000001d84bafa800 nmethod 5862 0x000001d83572f710 code [0x000001d83572f8c0, 0x000001d83572fb18]
Event: 10.106 Thread 0x000001d84bafa800 5863       2       org.springframework.context.annotation.CommonAnnotationBeanPostProcessor$$Lambda$465/0x0000000800e39c40::<init> (15 bytes)
Event: 10.106 Thread 0x000001d84bafa800 nmethod 5863 0x000001d8357d7b90 code [0x000001d8357d7d40, 0x000001d8357d7f58]
Event: 10.106 Thread 0x000001d84bafa800 5865       2       org.springframework.beans.factory.annotation.AutowiredAnnotationBeanPostProcessor$$Lambda$467/0x0000000800e3a440::get$Lambda (10 bytes)
Event: 10.106 Thread 0x000001d84bafa800 nmethod 5865 0x000001d83592c510 code [0x000001d83592c6c0, 0x000001d83592c918]
Event: 10.106 Thread 0x000001d84bafa800 5866       2       org.springframework.beans.factory.annotation.AutowiredAnnotationBeanPostProcessor$$Lambda$467/0x0000000800e3a440::<init> (15 bytes)
Event: 10.106 Thread 0x000001d84bafa800 nmethod 5866 0x000001d8359a9990 code [0x000001d8359a9b40, 0x000001d8359a9d58]
Event: 10.106 Thread 0x000001d84bafa800 5867       2       org.springframework.beans.factory.annotation.AutowiredAnnotationBeanPostProcessor$$Lambda$468/0x0000000800e3a840::get$Lambda (11 bytes)
Event: 10.106 Thread 0x000001d84bafa800 nmethod 5867 0x000001d835a12490 code [0x000001d835a12640, 0x000001d835a128f8]
Event: 10.107 Thread 0x000001d84bafa800 5868       2       java.lang.ReflectiveOperationException::<init> (6 bytes)
Event: 10.107 Thread 0x000001d84bafa800 nmethod 5868 0x000001d8358ef410 code [0x000001d8358ef5c0, 0x000001d8358ef750]
Event: 10.107 Thread 0x000001d84bafa800 5869       2       org.springframework.beans.support.ResourceEditorRegistrar::doRegisterEditor (28 bytes)
Event: 10.108 Thread 0x000001d84bafa800 nmethod 5869 0x000001d8358b6490 code [0x000001d8358b6660, 0x000001d8358b69e0]

GC Heap History (20 events):
Event: 3.699 GC heap before
{Heap before GC invocations=10 (full 0):
 garbage-first heap   total 61440K, used 44047K [0x0000000081e00000, 0x0000000100000000)
  region size 1024K, 25 young (25600K), 1 survivors (1024K)
 Metaspace       used 28063K, capacity 29090K, committed 29232K, reserved 1075200K
  class space    used 3471K, capacity 3901K, committed 3968K, reserved 1048576K
}
Event: 3.701 GC heap after
{Heap after GC invocations=11 (full 0):
 garbage-first heap   total 61440K, used 20440K [0x0000000081e00000, 0x0000000100000000)
  region size 1024K, 1 young (1024K), 1 survivors (1024K)
 Metaspace       used 28063K, capacity 29090K, committed 29232K, reserved 1075200K
  class space    used 3471K, capacity 3901K, committed 3968K, reserved 1048576K
}
Event: 3.921 GC heap before
{Heap before GC invocations=11 (full 0):
 garbage-first heap   total 61440K, used 46040K [0x0000000081e00000, 0x0000000100000000)
  region size 1024K, 26 young (26624K), 1 survivors (1024K)
 Metaspace       used 28741K, capacity 29759K, committed 30128K, reserved 1075200K
  class space    used 3559K, capacity 3975K, committed 4096K, reserved 1048576K
}
Event: 3.923 GC heap after
{Heap after GC invocations=12 (full 0):
 garbage-first heap   total 61440K, used 20587K [0x0000000081e00000, 0x0000000100000000)
  region size 1024K, 1 young (1024K), 1 survivors (1024K)
 Metaspace       used 28741K, capacity 29759K, committed 30128K, reserved 1075200K
  class space    used 3559K, capacity 3975K, committed 4096K, reserved 1048576K
}
Event: 4.357 GC heap before
{Heap before GC invocations=12 (full 0):
 garbage-first heap   total 61440K, used 45163K [0x0000000081e00000, 0x0000000100000000)
  region size 1024K, 26 young (26624K), 1 survivors (1024K)
 Metaspace       used 33153K, capacity 34258K, committed 34480K, reserved 1079296K
  class space    used 4128K, capacity 4579K, committed 4608K, reserved 1048576K
}
Event: 4.361 GC heap after
{Heap after GC invocations=13 (full 0):
 garbage-first heap   total 61440K, used 22019K [0x0000000081e00000, 0x0000000100000000)
  region size 1024K, 3 young (3072K), 3 survivors (3072K)
 Metaspace       used 33153K, capacity 34258K, committed 34480K, reserved 1079296K
  class space    used 4128K, capacity 4579K, committed 4608K, reserved 1048576K
}
Event: 4.538 GC heap before
{Heap before GC invocations=13 (full 0):
 garbage-first heap   total 61440K, used 33283K [0x0000000081e00000, 0x0000000100000000)
  region size 1024K, 15 young (15360K), 3 survivors (3072K)
 Metaspace       used 34767K, capacity 35842K, committed 35920K, reserved 1081344K
  class space    used 4413K, capacity 4850K, committed 4864K, reserved 1048576K
}
Event: 4.541 GC heap after
{Heap after GC invocations=14 (full 0):
 garbage-first heap   total 61440K, used 22348K [0x0000000081e00000, 0x0000000100000000)
  region size 1024K, 3 young (3072K), 3 survivors (3072K)
 Metaspace       used 34767K, capacity 35842K, committed 35920K, reserved 1081344K
  class space    used 4413K, capacity 4850K, committed 4864K, reserved 1048576K
}
Event: 5.435 GC heap before
{Heap before GC invocations=15 (full 0):
 garbage-first heap   total 61440K, used 45900K [0x0000000081e00000, 0x0000000100000000)
  region size 1024K, 27 young (27648K), 3 survivors (3072K)
 Metaspace       used 41472K, capacity 42668K, committed 42928K, reserved 1087488K
  class space    used 5343K, capacity 5828K, committed 5888K, reserved 1048576K
}
Event: 5.439 GC heap after
{Heap after GC invocations=16 (full 0):
 garbage-first heap   total 61440K, used 23718K [0x0000000081e00000, 0x0000000100000000)
  region size 1024K, 4 young (4096K), 4 survivors (4096K)
 Metaspace       used 41472K, capacity 42668K, committed 42928K, reserved 1087488K
  class space    used 5343K, capacity 5828K, committed 5888K, reserved 1048576K
}
Event: 5.965 GC heap before
{Heap before GC invocations=16 (full 0):
 garbage-first heap   total 61440K, used 47270K [0x0000000081e00000, 0x0000000100000000)
  region size 1024K, 28 young (28672K), 4 survivors (4096K)
 Metaspace       used 45845K, capacity 47089K, committed 47408K, reserved 1089536K
  class space    used 5931K, capacity 6422K, committed 6528K, reserved 1048576K
}
Event: 5.968 GC heap after
{Heap after GC invocations=17 (full 0):
 garbage-first heap   total 61440K, used 25641K [0x0000000081e00000, 0x0000000100000000)
  region size 1024K, 4 young (4096K), 4 survivors (4096K)
 Metaspace       used 45845K, capacity 47089K, committed 47408K, reserved 1089536K
  class space    used 5931K, capacity 6422K, committed 6528K, reserved 1048576K
}
Event: 6.182 GC heap before
{Heap before GC invocations=17 (full 0):
 garbage-first heap   total 61440K, used 48169K [0x0000000081e00000, 0x0000000100000000)
  region size 1024K, 26 young (26624K), 4 survivors (4096K)
 Metaspace       used 49332K, capacity 50530K, committed 50736K, reserved 1093632K
  class space    used 6443K, capacity 6947K, committed 7040K, reserved 1048576K
}
Event: 6.185 GC heap after
{Heap after GC invocations=18 (full 0):
 garbage-first heap   total 61440K, used 26547K [0x0000000081e00000, 0x0000000100000000)
  region size 1024K, 3 young (3072K), 3 survivors (3072K)
 Metaspace       used 49332K, capacity 50530K, committed 50736K, reserved 1093632K
  class space    used 6443K, capacity 6947K, committed 7040K, reserved 1048576K
}
Event: 6.413 GC heap before
{Heap before GC invocations=18 (full 0):
 garbage-first heap   total 61440K, used 49075K [0x0000000081e00000, 0x0000000100000000)
  region size 1024K, 25 young (25600K), 3 survivors (3072K)
 Metaspace       used 51826K, capacity 53072K, committed 53296K, reserved 1095680K
  class space    used 6810K, capacity 7283K, committed 7296K, reserved 1048576K
}
Event: 6.416 GC heap after
{Heap after GC invocations=19 (full 0):
 garbage-first heap   total 73728K, used 27095K [0x0000000081e00000, 0x0000000100000000)
  region size 1024K, 2 young (2048K), 2 survivors (2048K)
 Metaspace       used 51826K, capacity 53072K, committed 53296K, reserved 1095680K
  class space    used 6810K, capacity 7283K, committed 7296K, reserved 1048576K
}
Event: 9.542 GC heap before
{Heap before GC invocations=19 (full 0):
 garbage-first heap   total 73728K, used 54743K [0x0000000081e00000, 0x0000000100000000)
  region size 1024K, 29 young (29696K), 2 survivors (2048K)
 Metaspace       used 53785K, capacity 55078K, committed 55088K, reserved 1097728K
  class space    used 7051K, capacity 7544K, committed 7552K, reserved 1048576K
}
Event: 9.544 GC heap after
{Heap after GC invocations=20 (full 0):
 garbage-first heap   total 73728K, used 28262K [0x0000000081e00000, 0x0000000100000000)
  region size 1024K, 3 young (3072K), 3 survivors (3072K)
 Metaspace       used 53785K, capacity 55078K, committed 55088K, reserved 1097728K
  class space    used 7051K, capacity 7544K, committed 7552K, reserved 1048576K
}
Event: 9.968 GC heap before
{Heap before GC invocations=20 (full 0):
 garbage-first heap   total 73728K, used 55910K [0x0000000081e00000, 0x0000000100000000)
  region size 1024K, 30 young (30720K), 3 survivors (3072K)
 Metaspace       used 56561K, capacity 58047K, committed 58160K, reserved 1099776K
  class space    used 7414K, capacity 8014K, committed 8064K, reserved 1048576K
}
Event: 9.972 GC heap after
{Heap after GC invocations=21 (full 0):
 garbage-first heap   total 73728K, used 29979K [0x0000000081e00000, 0x0000000100000000)
  region size 1024K, 4 young (4096K), 4 survivors (4096K)
 Metaspace       used 56561K, capacity 58047K, committed 58160K, reserved 1099776K
  class space    used 7414K, capacity 8014K, committed 8064K, reserved 1048576K
}

Deoptimization events (20 events):
Event: 9.966 Thread 0x000001d84d0e3800 DEOPT PACKING pc=0x000001d83cd3ef60 sp=0x00000022a72f99e0
Event: 9.966 Thread 0x000001d84d0e3800 DEOPT UNPACKING pc=0x000001d8350f912f sp=0x00000022a72f9948 mode 2
Event: 9.977 Thread 0x000001d84d0e3800 DEOPT PACKING pc=0x000001d836217285 sp=0x00000022a72f9650
Event: 9.977 Thread 0x000001d84d0e3800 DEOPT UNPACKING pc=0x000001d8350f964e sp=0x00000022a72f8b48 mode 0
Event: 10.001 Thread 0x000001d84d0e3800 DEOPT PACKING pc=0x000001d836217285 sp=0x00000022a72fbb00
Event: 10.001 Thread 0x000001d84d0e3800 DEOPT UNPACKING pc=0x000001d8350f964e sp=0x00000022a72faff8 mode 0
Event: 10.095 Thread 0x000001d84d0e3800 Uncommon trap: trap_request=0xffffff45 fr.pc=0x000001d83cc51d2c relative=0x0000000000000ccc
Event: 10.095 Thread 0x000001d84d0e3800 Uncommon trap: reason=unstable_if action=reinterpret pc=0x000001d83cc51d2c method=org.springframework.core.annotation.AnnotationsScanner.isWithoutHierarchy(Ljava/lang/reflect/AnnotatedElement;Lorg/springframework/core/annotation/MergedAnnotations$SearchSt
Event: 10.095 Thread 0x000001d84d0e3800 DEOPT PACKING pc=0x000001d83cc51d2c sp=0x00000022a72fd120
Event: 10.095 Thread 0x000001d84d0e3800 DEOPT UNPACKING pc=0x000001d8350f912f sp=0x00000022a72fd0f0 mode 2
Event: 10.098 Thread 0x000001d84d0e3800 Uncommon trap: trap_request=0xffffff45 fr.pc=0x000001d83cc32fec relative=0x000000000000128c
Event: 10.098 Thread 0x000001d84d0e3800 Uncommon trap: reason=unstable_if action=reinterpret pc=0x000001d83cc32fec method=java.util.concurrent.ConcurrentHashMap.transfer([Ljava/util/concurrent/ConcurrentHashMap$Node;[Ljava/util/concurrent/ConcurrentHashMap$Node;)V @ 352 c2
Event: 10.098 Thread 0x000001d84d0e3800 DEOPT PACKING pc=0x000001d83cc32fec sp=0x00000022a72fd360
Event: 10.098 Thread 0x000001d84d0e3800 DEOPT UNPACKING pc=0x000001d8350f912f sp=0x00000022a72fd2f8 mode 2
Event: 10.099 Thread 0x000001d84d0e3800 Uncommon trap: trap_request=0xffffff45 fr.pc=0x000001d83cc2047c relative=0x000000000000109c
Event: 10.099 Thread 0x000001d84d0e3800 Uncommon trap: reason=unstable_if action=reinterpret pc=0x000001d83cc2047c method=java.util.concurrent.ConcurrentHashMap.transfer([Ljava/util/concurrent/ConcurrentHashMap$Node;[Ljava/util/concurrent/ConcurrentHashMap$Node;)V @ 352 c2
Event: 10.099 Thread 0x000001d84d0e3800 DEOPT PACKING pc=0x000001d83cc2047c sp=0x00000022a72fd380
Event: 10.099 Thread 0x000001d84d0e3800 DEOPT UNPACKING pc=0x000001d8350f912f sp=0x00000022a72fd2f8 mode 2
Event: 10.106 Thread 0x000001d84d0e3800 DEOPT PACKING pc=0x000001d836217285 sp=0x00000022a72fd380
Event: 10.106 Thread 0x000001d84d0e3800 DEOPT UNPACKING pc=0x000001d8350f964e sp=0x00000022a72fc878 mode 0

Classes unloaded (0 events):
No events

Classes redefined (0 events):
No events

Internal exceptions (20 events):
Event: 9.457 Thread 0x000001d84d0e3800 Exception <a 'java/lang/ClassNotFoundException'{0x000000008506b748}: org/springframework/beans/factory/AwareCustomizer> (0x000000008506b748) 
thrown [t:/workspace/open/src/hotspot/share/classfile/systemDictionary.cpp, line 232]
Event: 9.458 Thread 0x000001d84d0e3800 Exception <a 'java/lang/ClassNotFoundException'{0x000000008507f320}: org/springframework/beans/factory/BeanFactoryAwareCustomizer> (0x000000008507f320) 
thrown [t:/workspace/open/src/hotspot/share/classfile/systemDictionary.cpp, line 232]
Event: 9.459 Thread 0x000001d84d0e3800 Exception <a 'java/lang/ClassNotFoundException'{0x00000000850928c8}: org/springframework/beans/factory/AwareCustomizer> (0x00000000850928c8) 
thrown [t:/workspace/open/src/hotspot/share/classfile/systemDictionary.cpp, line 232]
Event: 9.459 Thread 0x000001d84d0e3800 Exception <a 'java/lang/ClassNotFoundException'{0x00000000850a7898}: org/springframework/context/ApplicationEventPublisherAwareCustomizer> (0x00000000850a7898) 
thrown [t:/workspace/open/src/hotspot/share/classfile/systemDictionary.cpp, line 232]
Event: 9.460 Thread 0x000001d84d0e3800 Exception <a 'java/lang/ClassNotFoundException'{0x00000000850babc0}: org/springframework/beans/factory/AwareCustomizer> (0x00000000850babc0) 
thrown [t:/workspace/open/src/hotspot/share/classfile/systemDictionary.cpp, line 232]
Event: 9.466 Thread 0x000001d84d0e3800 Exception <a 'java/lang/ClassNotFoundException'{0x00000000850e87b0}: java/lang/ObjectCustomizer> (0x00000000850e87b0) 
thrown [t:/workspace/open/src/hotspot/share/classfile/systemDictionary.cpp, line 232]
Event: 9.467 Thread 0x000001d84d0e3800 Exception <a 'java/lang/ClassNotFoundException'{0x0000000084f01400}: org/springframework/core/io/support/PropertiesLoaderSupportCustomizer> (0x0000000084f01400) 
thrown [t:/workspace/open/src/hotspot/share/classfile/systemDictionary.cpp, line 232]
Event: 9.468 Thread 0x000001d84d0e3800 Exception <a 'java/lang/ClassNotFoundException'{0x0000000084f1f3b8}: org/springframework/beans/factory/config/PropertiesFactoryBeanCustomizer> (0x0000000084f1f3b8) 
thrown [t:/workspace/open/src/hotspot/share/classfile/systemDictionary.cpp, line 232]
Event: 9.469 Thread 0x000001d84d0e3800 Exception <a 'java/lang/ClassNotFoundException'{0x0000000084f42d38}: org/springframework/beans/factory/FactoryBeanCustomizer> (0x0000000084f42d38) 
thrown [t:/workspace/open/src/hotspot/share/classfile/systemDictionary.cpp, line 232]
Event: 9.470 Thread 0x000001d84d0e3800 Exception <a 'java/lang/ClassNotFoundException'{0x0000000084f59320}: org/springframework/beans/factory/InitializingBeanCustomizer> (0x0000000084f59320) 
thrown [t:/workspace/open/src/hotspot/share/classfile/systemDictionary.cpp, line 232]
Event: 9.637 Thread 0x000001d84d0e3800 Exception <a 'java/lang/ClassNotFoundException'{0x0000000086091080}: java/lang/ObjectCustomizer> (0x0000000086091080) 
thrown [t:/workspace/open/src/hotspot/share/classfile/systemDictionary.cpp, line 232]
Event: 9.637 Thread 0x000001d84d0e3800 Exception <a 'java/lang/ClassNotFoundException'{0x00000000860a5938}: com/tecnocode/model/AddressCustomizer> (0x00000000860a5938) 
thrown [t:/workspace/open/src/hotspot/share/classfile/systemDictionary.cpp, line 232]
Event: 9.663 Thread 0x000001d84d0e3800 Exception <a 'java/lang/NoSuchMethodError'{0x0000000085f92e00}: 'int java.lang.invoke.DirectMethodHandle$Holder.invokeVirtual(java.lang.Object, java.lang.Object, java.lang.Object)'> (0x0000000085f92e00) 
thrown [t:/workspace/open/src/hotspot/share/interpreter/linkResolver.cpp, line 767]
Event: 9.696 Thread 0x000001d84d0e3800 Exception <a 'java/lang/IncompatibleClassChangeError'{0x0000000085ebd900}: Found class java.lang.Object, but interface was expected> (0x0000000085ebd900) 
thrown [t:/workspace/open/src/hotspot/share/interpreter/linkResolver.cpp, line 833]
Event: 9.774 Thread 0x000001d84d0e3800 Exception <a 'java/lang/ClassNotFoundException'{0x0000000085812cc0}: java/lang/ObjectCustomizer> (0x0000000085812cc0) 
thrown [t:/workspace/open/src/hotspot/share/classfile/systemDictionary.cpp, line 232]
Event: 9.775 Thread 0x000001d84d0e3800 Exception <a 'java/lang/ClassNotFoundException'{0x0000000085827578}: com/tecnocode/model/BenefitCustomizer> (0x0000000085827578) 
thrown [t:/workspace/open/src/hotspot/share/classfile/systemDictionary.cpp, line 232]
Event: 9.800 Thread 0x000001d84d0e3800 Exception <a 'java/lang/ClassNotFoundException'{0x000000008554ca18}: java/lang/ObjectCustomizer> (0x000000008554ca18) 
thrown [t:/workspace/open/src/hotspot/share/classfile/systemDictionary.cpp, line 232]
Event: 9.801 Thread 0x000001d84d0e3800 Exception <a 'java/lang/ClassNotFoundException'{0x00000000855612d0}: com/tecnocode/model/CompanyCustomizer> (0x00000000855612d0) 
thrown [t:/workspace/open/src/hotspot/share/classfile/systemDictionary.cpp, line 232]
Event: 9.997 Thread 0x000001d84d0e3800 Exception <a 'java/lang/NoSuchMethodError'{0x000000008635fc98}: 'void java.lang.invoke.DirectMethodHandle$Holder.invokeVirtual(java.lang.Object, java.lang.Object, int)'> (0x000000008635fc98) 
thrown [t:/workspace/open/src/hotspot/share/interpreter/linkResolver.cpp, line 767]
Event: 9.999 Thread 0x000001d84d0e3800 Exception <a 'java/lang/NoSuchMethodError'{0x00000000863788b0}: 'void java.lang.invoke.DirectMethodHandle$Holder.invokeVirtual(java.lang.Object, java.lang.Object, long)'> (0x00000000863788b0) 
thrown [t:/workspace/open/src/hotspot/share/interpreter/linkResolver.cpp, line 767]

Events (20 events):
Event: 10.104 loading class org/thymeleaf/spring5/SpringTemplateEngine
Event: 10.104 loading class org/thymeleaf/spring5/SpringTemplateEngine done
Event: 10.104 loading class org/thymeleaf/spring5$SpringTemplateEngine
Event: 10.104 loading class org/thymeleaf/spring5$SpringTemplateEngine done
Event: 10.105 loading class org/apache/jasper/compiler/JspConfig
Event: 10.105 loading class org/apache/jasper/compiler/JspConfig done
Event: 10.105 loading class org/apache/jasper/compiler$JspConfig
Event: 10.105 loading class org/apache/jasper/compiler$JspConfig done
Event: 10.105 loading class org/springframework/http/server/RequestPath
Event: 10.105 loading class org/springframework/http/server/RequestPath done
Event: 10.108 loading class org/springframework/web/servlet/i18n/AcceptHeaderLocaleResolver
Event: 10.108 loading class org/springframework/web/servlet/i18n/AcceptHeaderLocaleResolver done
Event: 10.109 loading class org/springframework/web/servlet/theme/FixedThemeResolver
Event: 10.109 loading class org/springframework/web/servlet/theme/FixedThemeResolver done
Event: 10.110 loading class org/springframework/web/servlet/theme/AbstractThemeResolver
Event: 10.110 loading class org/springframework/web/servlet/theme/AbstractThemeResolver done
Event: 10.111 loading class org/springframework/web/servlet/support/SessionFlashMapManager
Event: 10.111 loading class org/springframework/web/servlet/support/SessionFlashMapManager done
Event: 10.111 loading class org/springframework/web/servlet/support/AbstractFlashMapManager
Event: 10.111 loading class org/springframework/web/servlet/support/AbstractFlashMapManager done


Dynamic libraries:
0x00007ff7cc870000 - 0x00007ff7cc87f000 	C:\Program Files\Java\jdk-13.0.2\bin\javaw.exe
0x00007ff8b4970000 - 0x00007ff8b4b65000 	C:\WINDOWS\SYSTEM32\ntdll.dll
0x00007ff8b3e40000 - 0x00007ff8b3efd000 	C:\WINDOWS\System32\KERNEL32.DLL
0x00007ff8b2270000 - 0x00007ff8b2539000 	C:\WINDOWS\System32\KERNELBASE.dll
0x00007ff8b2540000 - 0x00007ff8b2640000 	C:\WINDOWS\System32\ucrtbase.dll
0x00007ff8a3e00000 - 0x00007ff8a3e18000 	C:\Program Files\Java\jdk-13.0.2\bin\jli.dll
0x00007ff897280000 - 0x00007ff897295000 	C:\Program Files\Java\jdk-13.0.2\bin\VCRUNTIME140.dll
0x00007ff8b2c30000 - 0x00007ff8b2cdc000 	C:\WINDOWS\System32\ADVAPI32.dll
0x00007ff8b2ce0000 - 0x00007ff8b2d7e000 	C:\WINDOWS\System32\msvcrt.dll
0x00007ff8b3f80000 - 0x00007ff8b401c000 	C:\WINDOWS\System32\sechost.dll
0x00007ff8b36b0000 - 0x00007ff8b37db000 	C:\WINDOWS\System32\RPCRT4.dll
0x00007ff8b2d90000 - 0x00007ff8b2f30000 	C:\WINDOWS\System32\USER32.dll
0x00007ff8b2130000 - 0x00007ff8b2152000 	C:\WINDOWS\System32\win32u.dll
0x00007ff8a6de0000 - 0x00007ff8a707a000 	C:\WINDOWS\WinSxS\amd64_microsoft.windows.common-controls_6595b64144ccf1df_6.0.19041.844_none_ca00b6081b84eb1d\COMCTL32.dll
0x00007ff8b3e10000 - 0x00007ff8b3e3a000 	C:\WINDOWS\System32\GDI32.dll
0x00007ff8b2160000 - 0x00007ff8b226b000 	C:\WINDOWS\System32\gdi32full.dll
0x00007ff8b2640000 - 0x00007ff8b26dd000 	C:\WINDOWS\System32\msvcp_win.dll
0x00007ff8a5200000 - 0x00007ff8a520a000 	C:\WINDOWS\SYSTEM32\VERSION.dll
0x00007ff8b3bf0000 - 0x00007ff8b3c20000 	C:\WINDOWS\System32\IMM32.DLL
0x00007ff88dcb0000 - 0x00007ff88dd4b000 	C:\Program Files\Java\jdk-13.0.2\bin\msvcp140.dll
0x00007ff87fe90000 - 0x00007ff8809ed000 	C:\Program Files\Java\jdk-13.0.2\bin\server\jvm.dll
0x00007ff8b3be0000 - 0x00007ff8b3be8000 	C:\WINDOWS\System32\PSAPI.DLL
0x00007ff8a7fe0000 - 0x00007ff8a8007000 	C:\WINDOWS\SYSTEM32\WINMM.dll
0x00007ff8959d0000 - 0x00007ff8959d9000 	C:\WINDOWS\SYSTEM32\WSOCK32.dll
0x00007ff8b3a40000 - 0x00007ff8b3aab000 	C:\WINDOWS\System32\WS2_32.dll
0x00007ff8b0d70000 - 0x00007ff8b0d82000 	C:\WINDOWS\SYSTEM32\kernel.appcore.dll
0x00007ff8aa380000 - 0x00007ff8aa390000 	C:\Program Files\Java\jdk-13.0.2\bin\verify.dll
0x00007ff8b06c0000 - 0x00007ff8b08a4000 	C:\WINDOWS\SYSTEM32\DBGHELP.DLL
0x00007ff894f90000 - 0x00007ff894fbc000 	C:\WINDOWS\SYSTEM32\dbgcore.DLL
0x00007ff8b20b0000 - 0x00007ff8b2130000 	C:\WINDOWS\System32\bcryptPrimitives.dll
0x00007ff8a3050000 - 0x00007ff8a3076000 	C:\Program Files\Java\jdk-13.0.2\bin\java.dll
0x00007ff8a3980000 - 0x00007ff8a3997000 	C:\Program Files\Java\jdk-13.0.2\bin\zip.dll
0x00007ff8aa350000 - 0x00007ff8aa35a000 	C:\Program Files\Java\jdk-13.0.2\bin\jimage.dll
0x00007ff8b2f40000 - 0x00007ff8b3682000 	C:\WINDOWS\System32\SHELL32.dll
0x00007ff8afe60000 - 0x00007ff8b05f0000 	C:\WINDOWS\SYSTEM32\windows.storage.dll
0x00007ff8b4080000 - 0x00007ff8b43d5000 	C:\WINDOWS\System32\combase.dll
0x00007ff8b1b20000 - 0x00007ff8b1b4c000 	C:\WINDOWS\SYSTEM32\Wldp.dll
0x00007ff8b29d0000 - 0x00007ff8b2a7e000 	C:\WINDOWS\System32\SHCORE.dll
0x00007ff8b3c20000 - 0x00007ff8b3c75000 	C:\WINDOWS\System32\shlwapi.dll
0x00007ff8b1ff0000 - 0x00007ff8b200f000 	C:\WINDOWS\SYSTEM32\profapi.dll
0x00007ff8a37c0000 - 0x00007ff8a37d9000 	C:\Program Files\Java\jdk-13.0.2\bin\net.dll
0x00007ff8a5620000 - 0x00007ff8a572c000 	C:\WINDOWS\SYSTEM32\WINHTTP.dll
0x00007ff8b18a0000 - 0x00007ff8b190a000 	C:\WINDOWS\system32\mswsock.dll
0x00007ff8975e0000 - 0x00007ff8975f3000 	C:\Program Files\Java\jdk-13.0.2\bin\nio.dll
0x00007ff8a0420000 - 0x00007ff8a0429000 	C:\Program Files\Java\jdk-13.0.2\bin\management.dll
0x00007ff899a50000 - 0x00007ff899a5b000 	C:\Program Files\Java\jdk-13.0.2\bin\management_ext.dll
0x00007ff8976f0000 - 0x00007ff897707000 	C:\WINDOWS\system32\napinsp.dll
0x00007ff8976d0000 - 0x00007ff8976eb000 	C:\WINDOWS\system32\pnrpnsp.dll
0x00007ff88a530000 - 0x00007ff88a545000 	C:\WINDOWS\system32\wshbth.dll
0x00007ff8abf40000 - 0x00007ff8abf5d000 	C:\WINDOWS\system32\NLAapi.dll
0x00007ff8b1540000 - 0x00007ff8b157b000 	C:\WINDOWS\SYSTEM32\IPHLPAPI.DLL
0x00007ff8b1580000 - 0x00007ff8b164b000 	C:\WINDOWS\SYSTEM32\DNSAPI.dll
0x00007ff8b2d80000 - 0x00007ff8b2d88000 	C:\WINDOWS\System32\NSI.dll
0x00007ff8976b0000 - 0x00007ff8976c2000 	C:\WINDOWS\System32\winrnr.dll
0x00007ff8a51c0000 - 0x00007ff8a51ca000 	C:\Windows\System32\rasadhlp.dll
0x00007ff8a5400000 - 0x00007ff8a547f000 	C:\WINDOWS\System32\fwpuclnt.dll
0x00007ff8b2740000 - 0x00007ff8b2767000 	C:\WINDOWS\System32\bcrypt.dll
0x00007ff8b1a70000 - 0x00007ff8b1a88000 	C:\WINDOWS\SYSTEM32\CRYPTSP.dll
0x00007ff8b11d0000 - 0x00007ff8b1204000 	C:\WINDOWS\system32\rsaenh.dll
0x00007ff8b1fb0000 - 0x00007ff8b1fde000 	C:\WINDOWS\SYSTEM32\USERENV.dll
0x00007ff8b1a90000 - 0x00007ff8b1a9c000 	C:\WINDOWS\SYSTEM32\CRYPTBASE.dll
0x00007ff8a8360000 - 0x00007ff8a8377000 	C:\WINDOWS\SYSTEM32\dhcpcsvc6.DLL
0x00007ff8a8b70000 - 0x00007ff8a8b8d000 	C:\WINDOWS\SYSTEM32\dhcpcsvc.DLL
0x00007ff8a3870000 - 0x00007ff8a387e000 	C:\Program Files\Java\jdk-13.0.2\bin\sunmscapi.dll
0x00007ff8b2770000 - 0x00007ff8b28cf000 	C:\WINDOWS\System32\CRYPT32.dll
0x00007ff8b1b90000 - 0x00007ff8b1bb7000 	C:\WINDOWS\SYSTEM32\ncrypt.dll
0x00007ff8b1b50000 - 0x00007ff8b1b8b000 	C:\WINDOWS\SYSTEM32\NTASN1.dll
0x00007ff8a3880000 - 0x00007ff8a38a5000 	C:\Program Files\Java\jdk-13.0.2\bin\sunec.dll

dbghelp: loaded successfully - version: 4.0.5 - missing functions: none
symbol engine: initialized successfully - sym options: 0x614 - pdb path: .;C:\Program Files\Java\jdk-13.0.2\bin;C:\WINDOWS\SYSTEM32;C:\WINDOWS\WinSxS\amd64_microsoft.windows.common-controls_6595b64144ccf1df_6.0.19041.844_none_ca00b6081b84eb1d;C:\Program Files\Java\jdk-13.0.2\bin\server

VM Arguments:
jvm_args: -Dfile.encoding=UTF-8 
java_command: com.tecnocode.TecnocodeApplication
java_class_path (initial): C:\Users\carol\tecnocode\tecnocode\backend\target\classes;C:\Users\carol\.m2\repository\org\springframework\boot\spring-boot-starter\2.4.4\spring-boot-starter-2.4.4.jar;C:\Users\carol\.m2\repository\org\springframework\boot\spring-boot\2.4.4\spring-boot-2.4.4.jar;C:\Users\carol\.m2\repository\org\springframework\boot\spring-boot-autoconfigure\2.4.4\spring-boot-autoconfigure-2.4.4.jar;C:\Users\carol\.m2\repository\org\springframework\boot\spring-boot-starter-logging\2.4.4\spring-boot-starter-logging-2.4.4.jar;C:\Users\carol\.m2\repository\ch\qos\logback\logback-classic\1.2.3\logback-classic-1.2.3.jar;C:\Users\carol\.m2\repository\ch\qos\logback\logback-core\1.2.3\logback-core-1.2.3.jar;C:\Users\carol\.m2\repository\org\apache\logging\log4j\log4j-to-slf4j\2.13.3\log4j-to-slf4j-2.13.3.jar;C:\Users\carol\.m2\repository\org\apache\logging\log4j\log4j-api\2.13.3\log4j-api-2.13.3.jar;C:\Users\carol\.m2\repository\org\slf4j\jul-to-slf4j\1.7.30\jul-to-slf4j-1.7.30.jar;C:\Users\carol\.m2\repository\jakarta\annotation\jakarta.annotation-api\1.3.5\jakarta.annotation-api-1.3.5.jar;C:\Users\carol\.m2\repository\org\springframework\spring-core\5.3.5\spring-core-5.3.5.jar;C:\Users\carol\.m2\repository\org\springframework\spring-jcl\5.3.5\spring-jcl-5.3.5.jar;C:\Users\carol\.m2\repository\org\yaml\snakeyaml\1.27\snakeyaml-1.27.jar;C:\Users\carol\.m2\repository\org\springframework\boot\spring-boot-devtools\2.4.4\spring-boot-devtools-2.4.4.jar;C:\Users\carol\.m2\repository\com\oracle\database\jdbc\ojdbc8\19.8.0.0\ojdbc8-19.8.0.0.jar;C:\Users\carol\.m2\repository\org\springframework\boot\spring-boot-configuration-processor\2.4.4\spring-boot-configuration-processor-2.4.4.jar;C:\Users\carol\.m2\repository\org\projectlombok\lombok\1.18.18\lombok-1.18.18.jar;C:\Users\carol\.m2\repository\org\springframework\boot\spring-boot-starter-web\2.4.4\spring-boot-starter-web-2.4.4.jar;C:\Users\carol\.m2\repository\org\springframework\boot\spring-boot-starter-json\2.4.4\s
Launcher Type: SUN_STANDARD

[Global flags]
     intx CICompilerCount                          = 4                                         {product} {ergonomic}
     uint ConcGCThreads                            = 2                                         {product} {ergonomic}
     uint G1ConcRefinementThreads                  = 8                                         {product} {ergonomic}
   size_t G1HeapRegionSize                         = 1048576                                   {product} {ergonomic}
    uintx GCDrainStackTargetSize                   = 64                                        {product} {ergonomic}
   size_t InitialHeapSize                          = 134217728                                 {product} {ergonomic}
   size_t MarkStackSize                            = 4194304                                   {product} {ergonomic}
   size_t MaxHeapSize                              = 2116026368                                {product} {ergonomic}
   size_t MaxNewSize                               = 1268776960                                {product} {ergonomic}
   size_t MinHeapDeltaBytes                        = 1048576                                   {product} {ergonomic}
   size_t MinHeapSize                              = 8388608                                   {product} {ergonomic}
    uintx NonNMethodCodeHeapSize                   = 5839372                                {pd product} {ergonomic}
    uintx NonProfiledCodeHeapSize                  = 122909434                              {pd product} {ergonomic}
    uintx ProfiledCodeHeapSize                     = 122909434                              {pd product} {ergonomic}
    uintx ReservedCodeCacheSize                    = 251658240                              {pd product} {ergonomic}
     bool SegmentedCodeCache                       = true                                      {product} {ergonomic}
   size_t SoftMaxHeapSize                          = 2116026368                             {manageable} {ergonomic}
     bool UseCompressedClassPointers               = true                                 {lp64_product} {ergonomic}
     bool UseCompressedOops                        = true                                 {lp64_product} {ergonomic}
     bool UseG1GC                                  = true                                      {product} {ergonomic}
     bool UseLargePagesIndividualAllocation        = false                                  {pd product} {ergonomic}

Logging:
Log output configuration:
 #0: stdout all=warning uptime,level,tags
 #1: stderr all=off uptime,level,tags

Environment Variables:
JAVA_HOME=C:\Program Files (x86)\Java\jdk1.8.0_281
PATH=C:/Program Files/Java/jdk-13.0.2/bin/server;C:/Program Files/Java/jdk-13.0.2/bin;C:\ProgramData\Oracle\Java\javapath;C:\Program Files (x86)\Falcon\MinGW\bin;C:\Program Files\Microsoft MPI\Bin\;C:\Program Files (x86)\Common Files\Oracle\Java\javapath;C:\WINDOWS\system32;C:\WINDOWS;C:\WINDOWS\System32\Wbem;C:\WINDOWS\System32\WindowsPowerShell\v1.0\;C:\WINDOWS\System32\OpenSSH\;C:\Program Files\dotnet\;C:\Program Files\Microsoft SQL Server\130\Tools\Binn\;C:\Program Files\Microsoft SQL Server\Client SDK\ODBC\170\Tools\Binn\;C:\Program Files (x86)\Microsoft SQL Server\150\DTS\Binn\;C:\Program Files (x86)\Microsoft SQL Server\140\Tools\Binn\;C:\Program Files\Microsoft SQL Server\140\Tools\Binn\;C:\Program Files (x86)\Microsoft SQL Server\140\DTS\Binn\;C:\Program Files\Microsoft SQL Server\140\DTS\Binn\;C:\Program Files\Microsoft SQL Server\Client SDK\ODBC\130\Tools\Binn\;C:\Program Files\nodejs\;C:\Program Files (x86)\dotnet\;C:\Program Files (x86)\Intel\Intel(R) Management Engine Components\DAL;C:\Program Files\Intel\Intel(R) Management Engine Components\DAL;C:\Program Files\Git\cmd;C:\Program Files\MySQL\MySQL Shell 8.0\bin\;C:\Users\carol\AppData\Local\Programs\Python\Python38\Scripts\;C:\Users\carol\AppData\Local\Programs\Python\Python38\;C:\Users\carol\AppData\Local\Microsoft\WindowsApps;C:\Users\carol\AppData\Local\Programs\Microsoft VS Code\bin;C:\Program Files\IntelliJ IDEA Community Edition 2020.1.1\bin;;C:\Users\carol\AppData\Roaming\npm;C:\Program Files (x86)\Sophos\Sophos SSL VPN Client\bin;C:\maven\bin;;C:\Users\carol\OneDrive\rea de Trabalho;
USERNAME=Caroline
OS=Windows_NT
PROCESSOR_IDENTIFIER=Intel64 Family 6 Model 142 Stepping 12, GenuineIntel



---------------  S Y S T E M  ---------------

OS: Windows 10 , 64 bit Build 19041 (10.0.19041.804)

CPU:total 8 (initial active 8) (4 cores per cpu, 2 threads per core) family 6 model 142 stepping 12, cmov, cx8, fxsr, mmx, sse, sse2, sse3, ssse3, sse4.1, sse4.2, popcnt, avx, avx2, aes, clmul, erms, 3dnowpref, lzcnt, ht, tsc, tscinvbit, bmi1, bmi2, adx, fma

Memory: 4k page, system-wide physical 8068M (994M free)
TotalPageFile size 8068M (AvailPageFile size 11M)
current process WorkingSet (physical memory assigned to process): 282M, peak: 287M
current process commit charge ("private bytes"): 325M, peak: 332M

vm_info: Java HotSpot(TM) 64-Bit Server VM (13.0.2+8) for windows-amd64 JRE (13.0.2+8), built on Dec 11 2019 09:20:33 by "mach5one" with unknown MS VC++:1916

END.
