#
# There is insufficient memory for the Java Runtime Environment to continue.
# Native memory allocation (mmap) failed to map 12582912 bytes for Failed to commit area from 0x0000000085000000 to 0x0000000085c00000 of length 12582912.
# Possible reasons:
#   The system is out of physical RAM or swap space
#   The process is running with CompressedOops enabled, and the Java Heap may be blocking the growth of the native heap
# Possible solutions:
#   Reduce memory load on the system
#   Increase physical memory or swap space
#   Check if swap backing store is full
#   Decrease Java heap size (-Xmx/-Xms)
#   Decrease number of Java threads
#   Decrease Java thread stack sizes (-Xss)
#   Set larger code cache with -XX:ReservedCodeCacheSize=
#   JVM is running with Unscaled Compressed Oops mode in which the Java heap is
#     placed in the first 4GB address space. The Java Heap base address is the
#     maximum limit for the native heap growth. Please use -XX:HeapBaseMinAddress
#     to set the Java Heap base and to place the Java Heap above 4GB virtual address.
# This output file may be truncated or incomplete.
#
#  Out of Memory Error (t:/workspace/open/src/hotspot/os/windows/os_windows.cpp:3301), pid=468, tid=6672
#
# JRE version: Java(TM) SE Runtime Environment (13.0.2+8) (build 13.0.2+8)
# Java VM: Java HotSpot(TM) 64-Bit Server VM (13.0.2+8, mixed mode, sharing, tiered, compressed oops, g1 gc, windows-amd64)
# No core dump will be written. Minidumps are not enabled by default on client versions of Windows
#

---------------  S U M M A R Y ------------

Command Line: -Dfile.encoding=UTF-8 com.tecnocode.TecnocodeApplication

Host: Intel(R) Core(TM) i5-8265U CPU @ 1.60GHz, 8 cores, 7G,  Windows 10 , 64 bit Build 19041 (10.0.19041.804)
Time: Sun Apr 18 15:02:54 2021 Hora oficial do Brasil elapsed time: 4 seconds (0d 0h 0m 4s)

---------------  T H R E A D  ---------------

Current thread (0x00000198ec23c000):  VMThread "VM Thread" [stack: 0x0000002359900000,0x0000002359a00000] [id=6672]

Stack: [0x0000002359900000,0x0000002359a00000]
[error occurred during error reporting (printing stack bounds), id 0xc0000005, EXCEPTION_ACCESS_VIOLATION (0xc0000005) at pc=0x00000198d57f10ad]

Native frames: (J=compiled Java code, j=interpreted, Vv=VM code, C=native code)
V  [jvm.dll+0x624f9a]
V  [jvm.dll+0x770cfa]
V  [jvm.dll+0x7724af]
V  [jvm.dll+0x772a15]
V  [jvm.dll+0x7729cb]
V  [jvm.dll+0x6244df]
C  [ntdll.dll+0x78a4c]
C  [ntdll.dll+0x51276]
C  [ntdll.dll+0xa0a9e]
C  0x00000198d57f10ad

VM_Operation (0x000000235a8fb390): G1CollectForAllocation, mode: safepoint, requested by thread 0x00000198ed794800


---------------  P R O C E S S  ---------------

Threads class SMR info:
_java_thread_list=0x00000198ef622ca0, length=21, elements={
0x00000198cd2e4800, 0x00000198ec240800, 0x00000198ec244000, 0x00000198ec25d800,
0x00000198ec25e800, 0x00000198ec261800, 0x00000198ec265000, 0x00000198ec26a000,
0x00000198eccb2000, 0x00000198ecccb000, 0x00000198ed7e1800, 0x00000198ed794800,
0x00000198f1480000, 0x00000198f100f800, 0x00000198f0c85800, 0x00000198ee34a800,
0x00000198f1bbf000, 0x00000198f1ba9000, 0x00000198f107d800, 0x00000198f3984800,
0x00000198ef44d000
}

Java Threads: ( => current thread )
  0x00000198cd2e4800 JavaThread "main" [_thread_blocked, id=11296, stack(0x0000002359300000,0x0000002359400000)]
  0x00000198ec240800 JavaThread "Reference Handler" daemon [_thread_blocked, id=14232, stack(0x0000002359a00000,0x0000002359b00000)]
  0x00000198ec244000 JavaThread "Finalizer" daemon [_thread_blocked, id=5552, stack(0x0000002359b00000,0x0000002359c00000)]
  0x00000198ec25d800 JavaThread "Signal Dispatcher" daemon [_thread_blocked, id=15752, stack(0x0000002359c00000,0x0000002359d00000)]
  0x00000198ec25e800 JavaThread "Attach Listener" daemon [_thread_blocked, id=6408, stack(0x0000002359d00000,0x0000002359e00000)]
  0x00000198ec261800 JavaThread "C2 CompilerThread0" daemon [_thread_blocked, id=13048, stack(0x0000002359e00000,0x0000002359f00000)]
  0x00000198ec265000 JavaThread "C1 CompilerThread0" daemon [_thread_blocked, id=16620, stack(0x0000002359f00000,0x000000235a000000)]
  0x00000198ec26a000 JavaThread "Sweeper thread" daemon [_thread_blocked, id=15660, stack(0x000000235a000000,0x000000235a100000)]
  0x00000198eccb2000 JavaThread "Service Thread" daemon [_thread_blocked, id=8092, stack(0x000000235a100000,0x000000235a200000)]
  0x00000198ecccb000 JavaThread "Common-Cleaner" daemon [_thread_blocked, id=15600, stack(0x000000235a300000,0x000000235a400000)]
  0x00000198ed7e1800 JavaThread "Thread-0" [_thread_blocked, id=15400, stack(0x000000235a700000,0x000000235a800000)]
  0x00000198ed794800 JavaThread "restartedMain" [_thread_blocked, id=16776, stack(0x000000235a800000,0x000000235a900000)]
  0x00000198f1480000 JavaThread "Catalina-utility-1" [_thread_blocked, id=5712, stack(0x000000235b000000,0x000000235b100000)]
  0x00000198f100f800 JavaThread "Catalina-utility-2" [_thread_blocked, id=4088, stack(0x000000235b100000,0x000000235b200000)]
  0x00000198f0c85800 JavaThread "container-0" [_thread_blocked, id=13892, stack(0x000000235b200000,0x000000235b300000)]
  0x00000198ee34a800 JavaThread "Timer-0" daemon [_thread_blocked, id=1988, stack(0x000000235af00000,0x000000235b000000)]
  0x00000198f1bbf000 JavaThread "oracle.jdbc.driver.BlockSource.ThreadedCachingBlockSource.BlockReleaser" daemon [_thread_blocked, id=12820, stack(0x000000235b300000,0x000000235b400000)]
  0x00000198f1ba9000 JavaThread "InterruptTimer" daemon [_thread_blocked, id=4668, stack(0x000000235b400000,0x000000235b500000)]
  0x00000198f107d800 JavaThread "HikariPool-1 housekeeper" daemon [_thread_blocked, id=13480, stack(0x000000235b500000,0x000000235b600000)]
  0x00000198f3984800 JavaThread "HikariPool-1 connection adder" daemon [_thread_blocked, id=13032, stack(0x000000235b600000,0x000000235b700000)]
  0x00000198ef44d000 JavaThread "C2 CompilerThread1" daemon [_thread_blocked, id=5184, stack(0x000000235a400000,0x000000235a500000)]

Other Threads:
=>0x00000198ec23c000 VMThread "VM Thread" [stack: 0x0000002359900000,0x0000002359a00000] [id=6672]
  0x00000198eccb2800 WatcherThread [stack: 0x000000235a200000,0x000000235a300000] [id=1452]
  0x00000198cd329000 GCTaskThread "GC Thread#0" [stack: 0x0000002359400000,0x0000002359500000] [id=15692]
  0x00000198ed689000 GCTaskThread "GC Thread#1" [stack: 0x000000235a500000,0x000000235a600000] [id=2412]
  0x00000198ed8e3800 GCTaskThread "GC Thread#2" [stack: 0x000000235a600000,0x000000235a700000] [id=2752]
  0x00000198edb27000 GCTaskThread "GC Thread#3" [stack: 0x000000235aa00000,0x000000235ab00000] [id=7568]
  0x00000198edb2a000 GCTaskThread "GC Thread#4" [stack: 0x000000235ab00000,0x000000235ac00000] [id=16324]
  0x00000198edb25000 GCTaskThread "GC Thread#5" [stack: 0x000000235ac00000,0x000000235ad00000] [id=4988]
  0x00000198edb2a800 GCTaskThread "GC Thread#6" [stack: 0x000000235ad00000,0x000000235ae00000] [id=18264]
  0x00000198edb25800 GCTaskThread "GC Thread#7" [stack: 0x000000235ae00000,0x000000235af00000] [id=6728]
  0x00000198cd33b800 ConcurrentGCThread "G1 Main Marker" [stack: 0x0000002359500000,0x0000002359600000] [id=11308]
  0x00000198cd33d800 ConcurrentGCThread "G1 Conc#0" [stack: 0x0000002359600000,0x0000002359700000] [id=14692]
  0x00000198edb2b000 ConcurrentGCThread "G1 Conc#1" [stack: 0x000000235a900000,0x000000235aa00000] [id=10864]
  0x00000198cd3bc800 ConcurrentGCThread "G1 Refine#0" [stack: 0x0000002359700000,0x0000002359800000] [id=14836]
  0x00000198ec0a0800 ConcurrentGCThread "G1 Young RemSet Sampling" [stack: 0x0000002359800000,0x0000002359900000] [id=12832]

Threads with active compile tasks:
C1 CompilerThread0     4618 5060       3       oracle.jdbc.driver.DynamicByteArray::getString (267 bytes)

VM state:at safepoint (normal execution)

VM Mutex/Monitor currently owned by a thread:  ([mutex/lock_event])
[0x00000198cd2e0280] Threads_lock - owner thread: 0x00000198ec23c000
[0x00000198cd2e1870] Heap_lock - owner thread: 0x00000198ed794800

Heap address: 0x0000000081e00000, size: 2018 MB, Compressed Oops mode: 32-bit
Narrow klass base: 0x0000000800000000, Narrow klass shift: 3
Compressed class space size: 1073741824 Address: 0x0000000800b40000

Heap:
 garbage-first heap   total 70656K, used 21589K [0x0000000081e00000, 0x0000000100000000)
  region size 1024K, 2 young (2048K), 2 survivors (2048K)
 Metaspace       used 50857K, capacity 52063K, committed 52268K, reserved 1093632K
  class space    used 6723K, capacity 7203K, committed 7296K, reserved 1048576K
Heap Regions: E=young(eden), S=young(survivor), O=old, HS=humongous(starts), HC=humongous(continues), CS=collection set, F=free, A=archive, TAMS=top-at-mark-start (previous, next)
|   0|0x0000000081e00000, 0x0000000081f00000, 0x0000000081f00000|100%|HS|  |TAMS 0x0000000081f00000, 0x0000000081e00000| Complete 
|   1|0x0000000081f00000, 0x0000000082000000, 0x0000000082000000|100%| O|  |TAMS 0x0000000082000000, 0x0000000081f00000| Untracked 
|   2|0x0000000082000000, 0x0000000082100000, 0x0000000082100000|100%| O|  |TAMS 0x0000000082100000, 0x0000000082000000| Untracked 
|   3|0x0000000082100000, 0x0000000082200000, 0x0000000082200000|100%| O|  |TAMS 0x0000000082200000, 0x0000000082100000| Untracked 
|   4|0x0000000082200000, 0x0000000082300000, 0x0000000082300000|100%| O|  |TAMS 0x0000000082300000, 0x0000000082200000| Untracked 
|   5|0x0000000082300000, 0x0000000082400000, 0x0000000082400000|100%| O|  |TAMS 0x0000000082400000, 0x0000000082300000| Untracked 
|   6|0x0000000082400000, 0x0000000082424400, 0x0000000082500000| 14%| O|  |TAMS 0x0000000082424400, 0x0000000082400000| Untracked 
|   7|0x0000000082500000, 0x0000000082600000, 0x0000000082600000|100%| O|  |TAMS 0x0000000082600000, 0x0000000082500000| Untracked 
|   8|0x0000000082600000, 0x0000000082700000, 0x0000000082700000|100%| O|  |TAMS 0x0000000082700000, 0x0000000082600000| Untracked 
|   9|0x0000000082700000, 0x0000000082800000, 0x0000000082800000|100%| O|  |TAMS 0x0000000082800000, 0x0000000082700000| Untracked 
|  10|0x0000000082800000, 0x0000000082900000, 0x0000000082900000|100%| O|  |TAMS 0x0000000082900000, 0x0000000082800000| Untracked 
|  11|0x0000000082900000, 0x0000000082a00000, 0x0000000082a00000|100%| O|  |TAMS 0x0000000082a00000, 0x0000000082900000| Untracked 
|  12|0x0000000082a00000, 0x0000000082b00000, 0x0000000082b00000|100%| O|  |TAMS 0x0000000082b00000, 0x0000000082a00000| Untracked 
|  13|0x0000000082b00000, 0x0000000082c00000, 0x0000000082c00000|100%| O|  |TAMS 0x0000000082c00000, 0x0000000082b00000| Untracked 
|  14|0x0000000082c00000, 0x0000000082d00000, 0x0000000082d00000|100%| O|  |TAMS 0x0000000082c16800, 0x0000000082c00000| Untracked 
|  15|0x0000000082d00000, 0x0000000082e00000, 0x0000000082e00000|100%| O|  |TAMS 0x0000000082d00000, 0x0000000082d00000| Untracked 
|  16|0x0000000082e00000, 0x0000000082f00000, 0x0000000082f00000|100%| O|  |TAMS 0x0000000082e00000, 0x0000000082e00000| Untracked 
|  17|0x0000000082f00000, 0x0000000083000000, 0x0000000083000000|100%| O|  |TAMS 0x0000000082f00000, 0x0000000082f00000| Untracked 
|  18|0x0000000083000000, 0x0000000083100000, 0x0000000083100000|100%| O|  |TAMS 0x0000000083000000, 0x0000000083000000| Untracked 
|  19|0x0000000083100000, 0x0000000083200000, 0x0000000083200000|100%| O|  |TAMS 0x0000000083100000, 0x0000000083100000| Untracked 
|  20|0x0000000083200000, 0x00000000832a3e00, 0x0000000083300000| 64%| O|  |TAMS 0x0000000083200000, 0x0000000083200000| Untracked 
|  21|0x0000000083300000, 0x0000000083300000, 0x0000000083400000|  0%| F|  |TAMS 0x0000000083300000, 0x0000000083300000| Untracked 
|  22|0x0000000083400000, 0x0000000083400000, 0x0000000083500000|  0%| F|  |TAMS 0x0000000083400000, 0x0000000083400000| Untracked 
|  23|0x0000000083500000, 0x0000000083500000, 0x0000000083600000|  0%| F|  |TAMS 0x0000000083500000, 0x0000000083500000| Untracked 
|  24|0x0000000083600000, 0x0000000083600000, 0x0000000083700000|  0%| F|  |TAMS 0x0000000083600000, 0x0000000083600000| Untracked 
|  25|0x0000000083700000, 0x0000000083700000, 0x0000000083800000|  0%| F|  |TAMS 0x0000000083700000, 0x0000000083700000| Untracked 
|  26|0x0000000083800000, 0x0000000083800000, 0x0000000083900000|  0%| F|  |TAMS 0x0000000083800000, 0x0000000083800000| Untracked 
|  27|0x0000000083900000, 0x0000000083900000, 0x0000000083a00000|  0%| F|  |TAMS 0x0000000083900000, 0x0000000083900000| Untracked 
|  28|0x0000000083a00000, 0x0000000083a00000, 0x0000000083b00000|  0%| F|  |TAMS 0x0000000083a00000, 0x0000000083a00000| Untracked 
|  29|0x0000000083b00000, 0x0000000083b00000, 0x0000000083c00000|  0%| F|  |TAMS 0x0000000083b00000, 0x0000000083b00000| Untracked 
|  30|0x0000000083c00000, 0x0000000083c00000, 0x0000000083d00000|  0%| F|  |TAMS 0x0000000083c00000, 0x0000000083c00000| Untracked 
|  31|0x0000000083d00000, 0x0000000083d00000, 0x0000000083e00000|  0%| F|  |TAMS 0x0000000083d00000, 0x0000000083d00000| Untracked 
|  32|0x0000000083e00000, 0x0000000083e00000, 0x0000000083f00000|  0%| F|  |TAMS 0x0000000083e00000, 0x0000000083e00000| Untracked 
|  33|0x0000000083f00000, 0x0000000083f4d418, 0x0000000084000000| 30%| S|CS|TAMS 0x0000000083f00000, 0x0000000083f00000| Complete 
|  34|0x0000000084000000, 0x0000000084100000, 0x0000000084100000|100%| S|CS|TAMS 0x0000000084000000, 0x0000000084000000| Complete 
|  35|0x0000000084100000, 0x0000000084100000, 0x0000000084200000|  0%| F|  |TAMS 0x0000000084100000, 0x0000000084100000| Untracked 
|  36|0x0000000084200000, 0x0000000084200000, 0x0000000084300000|  0%| F|  |TAMS 0x0000000084200000, 0x0000000084200000| Untracked 
|  37|0x0000000084300000, 0x0000000084300000, 0x0000000084400000|  0%| F|  |TAMS 0x0000000084300000, 0x0000000084300000| Untracked 
|  38|0x0000000084400000, 0x0000000084400000, 0x0000000084500000|  0%| F|  |TAMS 0x0000000084400000, 0x0000000084400000| Untracked 
|  39|0x0000000084500000, 0x0000000084500000, 0x0000000084600000|  0%| F|  |TAMS 0x0000000084500000, 0x0000000084500000| Untracked 
|  40|0x0000000084600000, 0x0000000084600000, 0x0000000084700000|  0%| F|  |TAMS 0x0000000084600000, 0x0000000084600000| Untracked 
|  41|0x0000000084700000, 0x0000000084700000, 0x0000000084800000|  0%| F|  |TAMS 0x0000000084700000, 0x0000000084700000| Untracked 
|  42|0x0000000084800000, 0x0000000084800000, 0x0000000084900000|  0%| F|  |TAMS 0x0000000084800000, 0x0000000084800000| Untracked 
|  43|0x0000000084900000, 0x0000000084900000, 0x0000000084a00000|  0%| F|  |TAMS 0x0000000084900000, 0x0000000084900000| Untracked 
|  44|0x0000000084a00000, 0x0000000084a00000, 0x0000000084b00000|  0%| F|  |TAMS 0x0000000084a00000, 0x0000000084a00000| Untracked 
|  45|0x0000000084b00000, 0x0000000084b00000, 0x0000000084c00000|  0%| F|  |TAMS 0x0000000084b00000, 0x0000000084b00000| Untracked 
|  46|0x0000000084c00000, 0x0000000084c00000, 0x0000000084d00000|  0%| F|  |TAMS 0x0000000084c00000, 0x0000000084c00000| Untracked 
|  47|0x0000000084d00000, 0x0000000084d00000, 0x0000000084e00000|  0%| F|  |TAMS 0x0000000084d00000, 0x0000000084d00000| Untracked 
|  48|0x0000000084e00000, 0x0000000084e00000, 0x0000000084f00000|  0%| F|  |TAMS 0x0000000084e00000, 0x0000000084e00000| Untracked 
|  49|0x0000000084f00000, 0x0000000084f00000, 0x0000000085000000|  0%| F|  |TAMS 0x0000000084f00000, 0x0000000084f00000| Untracked 
|  95|0x0000000087d00000, 0x0000000087d00000, 0x0000000087e00000|  0%| F|  |TAMS 0x0000000087d00000, 0x0000000087d00000| Untracked 
|  96|0x0000000087e00000, 0x0000000087e00000, 0x0000000087f00000|  0%| F|  |TAMS 0x0000000087e00000, 0x0000000087e00000| Untracked 
|  97|0x0000000087f00000, 0x0000000087f00000, 0x0000000088000000|  0%| F|  |TAMS 0x0000000087f00000, 0x0000000087f00000| Untracked 
|  98|0x0000000088000000, 0x0000000088000000, 0x0000000088100000|  0%| F|  |TAMS 0x0000000088000000, 0x0000000088000000| Untracked 
|  99|0x0000000088100000, 0x0000000088100000, 0x0000000088200000|  0%| F|  |TAMS 0x0000000088100000, 0x0000000088100000| Untracked 
| 100|0x0000000088200000, 0x0000000088200000, 0x0000000088300000|  0%| F|  |TAMS 0x0000000088200000, 0x0000000088200000| Untracked 
| 127|0x0000000089d00000, 0x0000000089d00000, 0x0000000089e00000|  0%| F|  |TAMS 0x0000000089d00000, 0x0000000089d00000| Untracked 

Card table byte_map: [0x00000198e5030000,0x00000198e5430000] _byte_map_base: 0x00000198e4c21000

Marking Bits (Prev, Next): (CMBitMap*) 0x00000198cd32a098, (CMBitMap*) 0x00000198cd32a0d8
 Prev Bits: [0x00000198e5830000, 0x00000198e77b8000)
 Next Bits: [0x00000198e77c0000, 0x00000198e9748000)

Polling page: 0x00000198cb290000

Metaspace:

Usage:
  Non-class:     43.81 MB capacity,    43.10 MB ( 98%) used,   577.68 KB (  1%) free+waste,   148.75 KB ( <1%) overhead. 
      Class:      7.03 MB capacity,     6.57 MB ( 93%) used,   408.47 KB (  6%) free+waste,    70.69 KB ( <1%) overhead. 
       Both:     50.84 MB capacity,    49.67 MB ( 98%) used,   986.15 KB (  2%) free+waste,   219.44 KB ( <1%) overhead. 

Virtual space:
  Non-class space:       44.00 MB reserved,      43.92 MB (>99%) committed 
      Class space:        1.00 GB reserved,       7.13 MB ( <1%) committed 
             Both:        1.04 GB reserved,      51.04 MB (  5%) committed 

Chunk freelists:
   Non-Class:  48.00 KB
       Class:  29.00 KB
        Both:  77.00 KB

MaxMetaspaceSize: 17179869184.00 GB
CompressedClassSpaceSize: 1.00 GB

CodeHeap 'non-profiled nmethods': size=120000Kb used=2615Kb max_used=2615Kb free=117384Kb
 bounds [0x00000198dd2c0000, 0x00000198dd550000, 0x00000198e47f0000]
CodeHeap 'profiled nmethods': size=120000Kb used=10168Kb max_used=10168Kb free=109831Kb
 bounds [0x00000198d5d90000, 0x00000198d6780000, 0x00000198dd2c0000]
CodeHeap 'non-nmethods': size=5760Kb used=1328Kb max_used=1354Kb free=4431Kb
 bounds [0x00000198d57f0000, 0x00000198d5a60000, 0x00000198d5d90000]
 total_blobs=7173 nmethods=4556 adapters=519
 compilation: enabled
              stopped_count=0, restarted_count=0
 full_count=0

Compilation events (20 events):
Event: 4.545 Thread 0x00000198ec265000 nmethod 5056 0x00000198d6773a10 code [0x00000198d6773ce0, 0x00000198d6774ad0]
Event: 4.545 Thread 0x00000198ec265000 5058       3       oracle.jdbc.driver.T4CMarshaller$BasicMarshaller::unmarshalBytes (104 bytes)
Event: 4.546 Thread 0x00000198ec265000 nmethod 5058 0x00000198d6775010 code [0x00000198d6775240, 0x00000198d6775c10]
Event: 4.546 Thread 0x00000198ec265000 5061       3       org.hibernate.boot.model.naming.Identifier::<init> (49 bytes)
Event: 4.546 Thread 0x00000198ec265000 nmethod 5061 0x00000198d6775f90 code [0x00000198d67761a0, 0x00000198d6776830]
Event: 4.546 Thread 0x00000198ec265000 5065       3       oracle.jdbc.driver.NumberCommonAccessor::getLong (566 bytes)
Event: 4.547 Thread 0x00000198ec261800 5068       4       java.util.Objects::checkFromIndexSize (8 bytes)
Event: 4.547 Thread 0x00000198ec261800 nmethod 5068 0x00000198dd54db10 code [0x00000198dd54dca0, 0x00000198dd54dd38]
Event: 4.548 Thread 0x00000198ec265000 nmethod 5065 0x00000198d6776a90 code [0x00000198d6776f60, 0x00000198d677a6f0]
Event: 4.548 Thread 0x00000198ec265000 5067       3       org.hibernate.boot.model.naming.Identifier::render (42 bytes)
Event: 4.548 Thread 0x00000198ec265000 nmethod 5067 0x00000198d677b690 code [0x00000198d677b8e0, 0x00000198d677c340]
Event: 4.548 Thread 0x00000198ec265000 5062       3       oracle.jdbc.driver.GeneratedResultSet::getLong (10 bytes)
Event: 4.548 Thread 0x00000198ec265000 nmethod 5062 0x00000198d677c610 code [0x00000198d677c7c0, 0x00000198d677cae0]
Event: 4.548 Thread 0x00000198ec265000 5063   !   3       oracle.jdbc.driver.GeneratedScrollableResultSet::getLong (180 bytes)
Event: 4.549 Thread 0x00000198ec265000 nmethod 5063 0x00000198d677cb90 code [0x00000198d677cec0, 0x00000198d677e6a0]
Event: 4.549 Thread 0x00000198ec265000 5064   !   3       oracle.jdbc.driver.GeneratedStatement::getLong (56 bytes)
Event: 4.549 Thread 0x00000198ec265000 nmethod 5064 0x00000198d677ef90 code [0x00000198d677f180, 0x00000198d677f7d0]
Event: 4.549 Thread 0x00000198ec265000 5059       3       oracle.jdbc.driver.DBConversion::getCharacterSet (15 bytes)
Event: 4.549 Thread 0x00000198ec265000 nmethod 5059 0x00000198d677fa90 code [0x00000198d677fc40, 0x00000198d677fe58]
Event: 4.549 Thread 0x00000198ec265000 5060       3       oracle.jdbc.driver.DynamicByteArray::getString (267 bytes)

GC Heap History (20 events):
Event: 2.647 GC heap after
{Heap after GC invocations=6 (full 0):
 garbage-first heap   total 48128K, used 14021K [0x0000000081e00000, 0x0000000100000000)
  region size 1024K, 4 young (4096K), 4 survivors (4096K)
 Metaspace       used 23916K, capacity 24895K, committed 24960K, reserved 1071104K
  class space    used 3034K, capacity 3419K, committed 3456K, reserved 1048576K
}
Event: 2.966 GC heap before
{Heap before GC invocations=6 (full 0):
 garbage-first heap   total 48128K, used 33477K [0x0000000081e00000, 0x0000000100000000)
  region size 1024K, 24 young (24576K), 4 survivors (4096K)
 Metaspace       used 25778K, capacity 26816K, committed 27008K, reserved 1073152K
  class space    used 3228K, capacity 3655K, committed 3712K, reserved 1048576K
}
Event: 2.969 GC heap after
{Heap after GC invocations=7 (full 0):
 garbage-first heap   total 58368K, used 14698K [0x0000000081e00000, 0x0000000100000000)
  region size 1024K, 2 young (2048K), 2 survivors (2048K)
 Metaspace       used 25778K, capacity 26816K, committed 27008K, reserved 1073152K
  class space    used 3228K, capacity 3655K, committed 3712K, reserved 1048576K
}
Event: 2.975 GC heap before
{Heap before GC invocations=7 (full 0):
 garbage-first heap   total 58368K, used 39274K [0x0000000081e00000, 0x0000000100000000)
  region size 1024K, 27 young (27648K), 2 survivors (2048K)
 Metaspace       used 25778K, capacity 26816K, committed 27008K, reserved 1073152K
  class space    used 3228K, capacity 3655K, committed 3712K, reserved 1048576K
}
Event: 2.976 GC heap after
{Heap after GC invocations=8 (full 0):
 garbage-first heap   total 58368K, used 14529K [0x0000000081e00000, 0x0000000100000000)
  region size 1024K, 1 young (1024K), 1 survivors (1024K)
 Metaspace       used 25778K, capacity 26816K, committed 27008K, reserved 1073152K
  class space    used 3228K, capacity 3655K, committed 3712K, reserved 1048576K
}
Event: 3.035 GC heap before
{Heap before GC invocations=8 (full 0):
 garbage-first heap   total 58368K, used 41153K [0x0000000081e00000, 0x0000000100000000)
  region size 1024K, 28 young (28672K), 1 survivors (1024K)
 Metaspace       used 26442K, capacity 27425K, committed 27648K, reserved 1073152K
  class space    used 3288K, capacity 3730K, committed 3840K, reserved 1048576K
}
Event: 3.036 GC heap after
{Heap after GC invocations=9 (full 0):
 garbage-first heap   total 58368K, used 14755K [0x0000000081e00000, 0x0000000100000000)
  region size 1024K, 2 young (2048K), 2 survivors (2048K)
 Metaspace       used 26442K, capacity 27425K, committed 27648K, reserved 1073152K
  class space    used 3288K, capacity 3730K, committed 3840K, reserved 1048576K
}
Event: 3.170 GC heap before
{Heap before GC invocations=9 (full 0):
 garbage-first heap   total 58368K, used 41379K [0x0000000081e00000, 0x0000000100000000)
  region size 1024K, 29 young (29696K), 2 survivors (2048K)
 Metaspace       used 27361K, capacity 28487K, committed 28800K, reserved 1075200K
  class space    used 3411K, capacity 3851K, committed 3968K, reserved 1048576K
}
Event: 3.172 GC heap after
{Heap after GC invocations=10 (full 0):
 garbage-first heap   total 58368K, used 15083K [0x0000000081e00000, 0x0000000100000000)
  region size 1024K, 2 young (2048K), 2 survivors (2048K)
 Metaspace       used 27361K, capacity 28487K, committed 28800K, reserved 1075200K
  class space    used 3411K, capacity 3851K, committed 3968K, reserved 1048576K
}
Event: 3.484 GC heap before
{Heap before GC invocations=10 (full 0):
 garbage-first heap   total 58368K, used 42731K [0x0000000081e00000, 0x0000000100000000)
  region size 1024K, 29 young (29696K), 2 survivors (2048K)
 Metaspace       used 32394K, capacity 33510K, committed 33792K, reserved 1079296K
  class space    used 4113K, capacity 4565K, committed 4608K, reserved 1048576K
}
Event: 3.486 GC heap after
{Heap after GC invocations=11 (full 0):
 garbage-first heap   total 58368K, used 16529K [0x0000000081e00000, 0x0000000100000000)
  region size 1024K, 3 young (3072K), 3 survivors (3072K)
 Metaspace       used 32394K, capacity 33510K, committed 33792K, reserved 1079296K
  class space    used 4113K, capacity 4565K, committed 4608K, reserved 1048576K
}
Event: 3.595 GC heap before
{Heap before GC invocations=11 (full 0):
 garbage-first heap   total 58368K, used 28817K [0x0000000081e00000, 0x0000000100000000)
  region size 1024K, 16 young (16384K), 3 survivors (3072K)
 Metaspace       used 34439K, capacity 35558K, committed 35628K, reserved 1079296K
  class space    used 4497K, capacity 4969K, committed 4992K, reserved 1048576K
}
Event: 3.598 GC heap after
{Heap after GC invocations=12 (full 0):
 garbage-first heap   total 58368K, used 17065K [0x0000000081e00000, 0x0000000100000000)
  region size 1024K, 3 young (3072K), 3 survivors (3072K)
 Metaspace       used 34439K, capacity 35558K, committed 35628K, reserved 1079296K
  class space    used 4497K, capacity 4969K, committed 4992K, reserved 1048576K
}
Event: 3.906 GC heap before
{Heap before GC invocations=13 (full 0):
 garbage-first heap   total 58368K, used 37545K [0x0000000081e00000, 0x0000000100000000)
  region size 1024K, 24 young (24576K), 3 survivors (3072K)
 Metaspace       used 41385K, capacity 42584K, committed 42668K, reserved 1085440K
  class space    used 5384K, capacity 5885K, committed 5888K, reserved 1048576K
}
Event: 3.909 GC heap after
{Heap after GC invocations=14 (full 0):
 garbage-first heap   total 58368K, used 18447K [0x0000000081e00000, 0x0000000100000000)
  region size 1024K, 2 young (2048K), 2 survivors (2048K)
 Metaspace       used 41385K, capacity 42584K, committed 42668K, reserved 1085440K
  class space    used 5384K, capacity 5885K, committed 5888K, reserved 1048576K
}
Event: 4.163 GC heap before
{Heap before GC invocations=14 (full 0):
 garbage-first heap   total 58368K, used 40975K [0x0000000081e00000, 0x0000000100000000)
  region size 1024K, 24 young (24576K), 2 survivors (2048K)
 Metaspace       used 45095K, capacity 46349K, committed 46508K, reserved 1089536K
  class space    used 5834K, capacity 6346K, committed 6400K, reserved 1048576K
}
Event: 4.166 GC heap after
{Heap after GC invocations=15 (full 0):
 garbage-first heap   total 58368K, used 20296K [0x0000000081e00000, 0x0000000100000000)
  region size 1024K, 2 young (2048K), 2 survivors (2048K)
 Metaspace       used 45095K, capacity 46349K, committed 46508K, reserved 1089536K
  class space    used 5834K, capacity 6346K, committed 6400K, reserved 1048576K
}
Event: 4.337 GC heap before
{Heap before GC invocations=15 (full 0):
 garbage-first heap   total 58368K, used 41800K [0x0000000081e00000, 0x0000000100000000)
  region size 1024K, 23 young (23552K), 2 survivors (2048K)
 Metaspace       used 48405K, capacity 49652K, committed 49836K, reserved 1091584K
  class space    used 6375K, capacity 6868K, committed 6912K, reserved 1048576K
}
Event: 4.339 GC heap after
{Heap after GC invocations=16 (full 0):
 garbage-first heap   total 58368K, used 21060K [0x0000000081e00000, 0x0000000100000000)
  region size 1024K, 1 young (1024K), 1 survivors (1024K)
 Metaspace       used 48405K, capacity 49652K, committed 49836K, reserved 1091584K
  class space    used 6375K, capacity 6868K, committed 6912K, reserved 1048576K
}
Event: 4.550 GC heap before
{Heap before GC invocations=16 (full 0):
 garbage-first heap   total 58368K, used 42564K [0x0000000081e00000, 0x0000000100000000)
  region size 1024K, 22 young (22528K), 1 survivors (1024K)
 Metaspace       used 50857K, capacity 52063K, committed 52268K, reserved 1093632K
  class space    used 6723K, capacity 7203K, committed 7296K, reserved 1048576K
}

Deoptimization events (20 events):
Event: 3.674 Thread 0x00000198ed794800 Uncommon trap: trap_request=0xffffff45 fr.pc=0x00000198dd3018a4 relative=0x00000000000009e4
Event: 3.674 Thread 0x00000198ed794800 Uncommon trap: reason=unstable_if action=reinterpret pc=0x00000198dd3018a4 method=sun.net.util.IPAddressUtil.scan(Ljava/lang/String;JJ[C)I @ 14 c2
Event: 3.674 Thread 0x00000198ed794800 DEOPT PACKING pc=0x00000198dd3018a4 sp=0x000000235a8fa7d0
Event: 3.674 Thread 0x00000198ed794800 DEOPT UNPACKING pc=0x00000198d583912f sp=0x000000235a8fa6a0 mode 2
Event: 3.717 Thread 0x00000198ed794800 Uncommon trap: trap_request=0xffffffde fr.pc=0x00000198dd4ab634 relative=0x00000000000011f4
Event: 3.717 Thread 0x00000198ed794800 Uncommon trap: reason=class_check action=maybe_recompile pc=0x00000198dd4ab634 method=java.util.Properties$LineReader.readLine()I @ 479 c2
Event: 3.717 Thread 0x00000198ed794800 DEOPT PACKING pc=0x00000198dd4ab634 sp=0x000000235a8fa380
Event: 3.717 Thread 0x00000198ed794800 DEOPT UNPACKING pc=0x00000198d583912f sp=0x000000235a8fa318 mode 2
Event: 3.755 Thread 0x00000198ed794800 Uncommon trap: trap_request=0xffffff45 fr.pc=0x00000198dd3b0c58 relative=0x0000000000000038
Event: 3.755 Thread 0x00000198ed794800 Uncommon trap: reason=unstable_if action=reinterpret pc=0x00000198dd3b0c58 method=jdk.internal.misc.Unsafe.convEndian(ZS)S @ 4 c2
Event: 3.755 Thread 0x00000198ed794800 DEOPT PACKING pc=0x00000198dd3b0c58 sp=0x000000235a8fc7b0
Event: 3.755 Thread 0x00000198ed794800 DEOPT UNPACKING pc=0x00000198d583912f sp=0x000000235a8fc748 mode 2
Event: 3.835 Thread 0x00000198ed794800 Uncommon trap: trap_request=0xffffff45 fr.pc=0x00000198dd4a7138 relative=0x00000000000004d8
Event: 3.835 Thread 0x00000198ed794800 Uncommon trap: reason=unstable_if action=reinterpret pc=0x00000198dd4a7138 method=java.lang.StringLatin1.compareToCI([B[B)I @ 68 c2
Event: 3.835 Thread 0x00000198ed794800 DEOPT PACKING pc=0x00000198dd4a7138 sp=0x000000235a8fcea0
Event: 3.835 Thread 0x00000198ed794800 DEOPT UNPACKING pc=0x00000198d583912f sp=0x000000235a8fcd20 mode 2
Event: 3.835 Thread 0x00000198ed794800 Uncommon trap: trap_request=0xffffff45 fr.pc=0x00000198dd4a4944 relative=0x0000000000000404
Event: 3.835 Thread 0x00000198ed794800 Uncommon trap: reason=unstable_if action=reinterpret pc=0x00000198dd4a4944 method=java.lang.StringLatin1.compareToCI([B[B)I @ 68 c2
Event: 3.835 Thread 0x00000198ed794800 DEOPT PACKING pc=0x00000198dd4a4944 sp=0x000000235a8fcdc0
Event: 3.835 Thread 0x00000198ed794800 DEOPT UNPACKING pc=0x00000198d583912f sp=0x000000235a8fcd38 mode 2

Classes unloaded (0 events):
No events

Classes redefined (0 events):
No events

Internal exceptions (20 events):
Event: 2.566 Thread 0x00000198ed794800 Exception <a 'java/lang/NoSuchMethodError'{0x0000000083423568}: 'void java.lang.invoke.DirectMethodHandle$Holder.invokeStatic(java.lang.Object, int, java.lang.Object)'> (0x0000000083423568) 
thrown [t:/workspace/open/src/hotspot/share/interpreter/linkResolver.cpp, line 767]
Event: 2.661 Thread 0x00000198ed794800 Exception <a 'java/lang/NoSuchMethodError'{0x0000000089d9fc68}: 'java.lang.Object java.lang.invoke.DirectMethodHandle$Holder.invokeStaticInit(java.lang.Object, int, int, int, int)'> (0x0000000089d9fc68) 
thrown [t:/workspace/open/src/hotspot/share/interpreter/linkResolver.cpp, line 767]
Event: 2.852 Thread 0x00000198ed794800 Exception <a 'java/lang/NoSuchMethodError'{0x0000000089dfb940}: 'java.lang.Object java.lang.invoke.DirectMethodHandle$Holder.invokeStaticInit(java.lang.Object, java.lang.Object, int, int, int, int)'> (0x0000000089dfb940) 
thrown [t:/workspace/open/src/hotspot/share/interpreter/linkResolver.cpp, line 767]
Event: 3.017 Thread 0x00000198ed794800 Implicit null exception at 0x00000198dd3737c8 to 0x00000198dd37608e
Event: 3.065 Thread 0x00000198ed794800 Exception <a 'java/io/FileNotFoundException'{0x00000000843d54a0}> (0x00000000843d54a0) 
thrown [t:/workspace/open/src/hotspot/share/prims/jni.cpp, line 598]
Event: 3.083 Thread 0x00000198ed794800 Exception <a 'java/lang/NoSuchMethodError'{0x0000000084143b20}: 'int java.lang.invoke.DirectMethodHandle$Holder.invokeInterface(java.lang.Object, java.lang.Object, java.lang.Object, java.lang.Object)'> (0x0000000084143b20) 
thrown [t:/workspace/open/src/hotspot/share/interpreter/linkResolver.cpp, line 767]
Event: 3.129 Thread 0x00000198ed794800 Exception <a 'java/io/FileNotFoundException'{0x0000000083fd81e8}> (0x0000000083fd81e8) 
thrown [t:/workspace/open/src/hotspot/share/prims/jni.cpp, line 598]
Event: 3.169 Thread 0x00000198ed794800 Exception <a 'java/lang/NoSuchMethodError'{0x0000000083cf2510}: 'void java.lang.invoke.DirectMethodHandle$Holder.invokeStaticInit(java.lang.Object)'> (0x0000000083cf2510) 
thrown [t:/workspace/open/src/hotspot/share/interpreter/linkResolver.cpp, line 767]
Event: 3.178 Thread 0x00000198ed794800 Exception <a 'java/lang/IncompatibleClassChangeError'{0x0000000089d0afd0}: Found class java.lang.Object, but interface was expected> (0x0000000089d0afd0) 
thrown [t:/workspace/open/src/hotspot/share/interpreter/linkResolver.cpp, line 833]
Event: 3.234 Thread 0x00000198ed794800 Exception <a 'java/lang/NoClassDefFoundError'{0x0000000088013db8}: oracle/security/pki/OraclePKIProvider> (0x0000000088013db8) 
thrown [t:/workspace/open/src/hotspot/share/classfile/systemDictionary.cpp, line 221]
Event: 3.618 Thread 0x00000198ed794800 Implicit null exception at 0x00000198dd474508 to 0x00000198dd474a32
Event: 3.667 Thread 0x00000198ed794800 Exception <a 'java/lang/NoSuchMethodError'{0x0000000087e5f738}: 'int java.lang.invoke.DirectMethodHandle$Holder.invokeStaticInit(java.lang.Object, java.lang.Object, java.lang.Object, java.lang.Object)'> (0x0000000087e5f738) 
thrown [t:/workspace/open/src/hotspot/share/interpreter/linkResolver.cpp, line 767]
Event: 3.671 Thread 0x00000198ed794800 Exception <a 'sun/nio/fs/WindowsException'{0x0000000087e95338}> (0x0000000087e95338) 
thrown [t:/workspace/open/src/hotspot/share/prims/jni.cpp, line 598]
Event: 3.718 Thread 0x00000198ed794800 Exception <a 'java/lang/NoSuchMethodError'{0x0000000084f97ab8}: 'java.lang.Object java.lang.invoke.Invokers$Holder.linkToTargetMethod(java.lang.Object, int, java.lang.Object)'> (0x0000000084f97ab8) 
thrown [t:/workspace/open/src/hotspot/share/interpreter/linkResolver.cpp, line 767]
Event: 3.745 Thread 0x00000198ed794800 Exception <a 'java/lang/NoSuchMethodError'{0x0000000084e821c8}: 'java.lang.Object java.lang.invoke.DirectMethodHandle$Holder.invokeVirtual(java.lang.Object, java.lang.Object, int)'> (0x0000000084e821c8) 
thrown [t:/workspace/open/src/hotspot/share/interpreter/linkResolver.cpp, line 767]
Event: 3.986 Thread 0x00000198ed794800 Exception <a 'java/lang/NoSuchMethodError'{0x0000000087f8a320}: 'java.lang.Object java.lang.invoke.DirectMethodHandle$Holder.invokeStaticInit(java.lang.Object, java.lang.Object, java.lang.Object, java.lang.Object)'> (0x0000000087f8a320) 
thrown [t:/workspace/open/src/hotspot/share/interpreter/linkResolver.cpp, line 767]
Event: 4.162 Thread 0x00000198ed794800 Exception <a 'java/lang/NoSuchMethodError'{0x00000000841ddd60}: 'java.lang.Object java.lang.invoke.DirectMethodHandle$Holder.newInvokeSpecial(java.lang.Object, java.lang.Object, int, java.lang.Object, java.lang.Object)'> (0x00000000841ddd60) 
thrown [t:/workspace/open/src/hotspot/share/interpreter/linkResolver.cpp, line 767]
Event: 4.459 Thread 0x00000198ed794800 Exception <a 'java/lang/NoSuchMethodError'{0x0000000084b19a78}: 'void java.lang.invoke.DirectMethodHandle$Holder.invokeInterface(java.lang.Object, java.lang.Object)'> (0x0000000084b19a78) 
thrown [t:/workspace/open/src/hotspot/share/interpreter/linkResolver.cpp, line 767]
Event: 4.460 Thread 0x00000198ed794800 Exception <a 'java/lang/NoSuchMethodError'{0x0000000084b2d1a8}: 'int java.lang.invoke.DirectMethodHandle$Holder.invokeStatic(java.lang.Object, java.lang.Object, int)'> (0x0000000084b2d1a8) 
thrown [t:/workspace/open/src/hotspot/share/interpreter/linkResolver.cpp, line 767]
Event: 4.467 Thread 0x00000198ed794800 Exception <a 'java/lang/NoSuchMethodError'{0x0000000084a13678}: 'java.lang.Object java.lang.invoke.DirectMethodHandle$Holder.invokeStaticInit(java.lang.Object, java.lang.Object, java.lang.Object, java.lang.Object, int, int)'> (0x0000000084a13678) 
thrown [t:/workspace/open/src/hotspot/share/interpreter/linkResolver.cpp, line 767]

Events (20 events):
Event: 4.536 Executing VM operation: Deoptimize done
Event: 4.536 loading class org/hibernate/tool/schema/extract/spi/ColumnInformation
Event: 4.536 loading class org/hibernate/tool/schema/extract/spi/ColumnInformation done
Event: 4.536 loading class org/hibernate/tool/schema/extract/spi/SchemaExtractionException
Event: 4.536 loading class org/hibernate/tool/schema/extract/spi/SchemaExtractionException done
Event: 4.537 loading class org/hibernate/tool/schema/extract/spi/PrimaryKeyInformation
Event: 4.537 loading class org/hibernate/tool/schema/extract/spi/PrimaryKeyInformation done
Event: 4.537 loading class org/hibernate/tool/schema/extract/internal/InformationExtractorJdbcDatabaseMetaDataImpl$ForeignKeyBuilder
Event: 4.537 loading class org/hibernate/tool/schema/extract/internal/InformationExtractorJdbcDatabaseMetaDataImpl$ForeignKeyBuilder done
Event: 4.537 loading class org/hibernate/tool/schema/extract/spi/TableInformation
Event: 4.537 loading class org/hibernate/tool/schema/extract/spi/TableInformation done
Event: 4.537 loading class org/hibernate/internal/CoreMessageLogger_$logger_pt_BR
Event: 4.537 loading class org/hibernate/internal/CoreMessageLogger_$logger_pt_BR done
Event: 4.538 loading class org/hibernate/internal/CoreMessageLogger_$logger_pt
Event: 4.538 loading class org/hibernate/internal/CoreMessageLogger_$logger_pt done
Event: 4.538 Thread 0x00000198ef44a000 Thread added: 0x00000198ef44a000
Event: 4.538 Thread 0x00000198ef44a000 Thread exited: 0x00000198ef44a000
Event: 4.549 loading class org/hibernate/tool/schema/internal/exec/GenerationTargetToDatabase
Event: 4.549 loading class org/hibernate/tool/schema/internal/exec/GenerationTargetToDatabase done
Event: 4.549 Executing VM operation: G1CollectForAllocation


Dynamic libraries:
0x00007ff6ce0a0000 - 0x00007ff6ce0af000 	C:\Program Files\Java\jdk-13.0.2\bin\javaw.exe
0x00007ffff1bd0000 - 0x00007ffff1dc5000 	C:\WINDOWS\SYSTEM32\ntdll.dll
0x00007ffff0ca0000 - 0x00007ffff0d5d000 	C:\WINDOWS\System32\KERNEL32.DLL
0x00007fffef340000 - 0x00007fffef609000 	C:\WINDOWS\System32\KERNELBASE.dll
0x00007fffef610000 - 0x00007fffef710000 	C:\WINDOWS\System32\ucrtbase.dll
0x00007fffdf080000 - 0x00007fffdf098000 	C:\Program Files\Java\jdk-13.0.2\bin\jli.dll
0x00007fffdefd0000 - 0x00007fffdefe5000 	C:\Program Files\Java\jdk-13.0.2\bin\VCRUNTIME140.dll
0x00007ffff0de0000 - 0x00007ffff0e8c000 	C:\WINDOWS\System32\ADVAPI32.dll
0x00007ffff1770000 - 0x00007ffff180e000 	C:\WINDOWS\System32\msvcrt.dll
0x00007ffff0e90000 - 0x00007ffff0f2c000 	C:\WINDOWS\System32\sechost.dll
0x00007ffff0a80000 - 0x00007ffff0bab000 	C:\WINDOWS\System32\RPCRT4.dll
0x00007ffff19f0000 - 0x00007ffff1b90000 	C:\WINDOWS\System32\USER32.dll
0x00007fffef870000 - 0x00007fffef892000 	C:\WINDOWS\System32\win32u.dll
0x00007ffff1150000 - 0x00007ffff117a000 	C:\WINDOWS\System32\GDI32.dll
0x00007fffe48e0000 - 0x00007fffe4b7a000 	C:\WINDOWS\WinSxS\amd64_microsoft.windows.common-controls_6595b64144ccf1df_6.0.19041.844_none_ca00b6081b84eb1d\COMCTL32.dll
0x00007fffefa30000 - 0x00007fffefb3b000 	C:\WINDOWS\System32\gdi32full.dll
0x00007fffefb40000 - 0x00007fffefbdd000 	C:\WINDOWS\System32\msvcp_win.dll
0x00007fffe1a80000 - 0x00007fffe1a8a000 	C:\WINDOWS\SYSTEM32\VERSION.dll
0x00007ffff15a0000 - 0x00007ffff15d0000 	C:\WINDOWS\System32\IMM32.DLL
0x00007fffdef30000 - 0x00007fffdefcb000 	C:\Program Files\Java\jdk-13.0.2\bin\msvcp140.dll
0x00007fffa48f0000 - 0x00007fffa544d000 	C:\Program Files\Java\jdk-13.0.2\bin\server\jvm.dll
0x00007ffff1180000 - 0x00007ffff1188000 	C:\WINDOWS\System32\PSAPI.DLL
0x00007fffe5270000 - 0x00007fffe5297000 	C:\WINDOWS\SYSTEM32\WINMM.dll
0x00007fffd1120000 - 0x00007fffd1129000 	C:\WINDOWS\SYSTEM32\WSOCK32.dll
0x00007ffff15d0000 - 0x00007ffff163b000 	C:\WINDOWS\System32\WS2_32.dll
0x00007fffedf00000 - 0x00007fffedf12000 	C:\WINDOWS\SYSTEM32\kernel.appcore.dll
0x00007fffe7130000 - 0x00007fffe7140000 	C:\Program Files\Java\jdk-13.0.2\bin\verify.dll
0x00007fffed910000 - 0x00007fffedaf4000 	C:\WINDOWS\SYSTEM32\DBGHELP.DLL
0x00007fffd0d50000 - 0x00007fffd0d7c000 	C:\WINDOWS\SYSTEM32\dbgcore.DLL
0x00007fffef900000 - 0x00007fffef980000 	C:\WINDOWS\System32\bcryptPrimitives.dll
0x00007fffe53c0000 - 0x00007fffe53e6000 	C:\Program Files\Java\jdk-13.0.2\bin\java.dll
0x00007fffdf060000 - 0x00007fffdf077000 	C:\Program Files\Java\jdk-13.0.2\bin\zip.dll
0x00007fffe3fc0000 - 0x00007fffe3fca000 	C:\Program Files\Java\jdk-13.0.2\bin\jimage.dll
0x00007ffff0330000 - 0x00007ffff0a72000 	C:\WINDOWS\System32\SHELL32.dll
0x00007fffed0c0000 - 0x00007fffed850000 	C:\WINDOWS\SYSTEM32\windows.storage.dll
0x00007ffff1190000 - 0x00007ffff14e5000 	C:\WINDOWS\System32\combase.dll
0x00007fffeed80000 - 0x00007fffeedac000 	C:\WINDOWS\SYSTEM32\Wldp.dll
0x00007ffff14f0000 - 0x00007ffff159e000 	C:\WINDOWS\System32\SHCORE.dll
0x00007ffff0bb0000 - 0x00007ffff0c05000 	C:\WINDOWS\System32\shlwapi.dll
0x00007fffef250000 - 0x00007fffef26f000 	C:\WINDOWS\SYSTEM32\profapi.dll
0x00007fffded30000 - 0x00007fffded49000 	C:\Program Files\Java\jdk-13.0.2\bin\net.dll
0x00007fffe26f0000 - 0x00007fffe27fc000 	C:\WINDOWS\SYSTEM32\WINHTTP.dll
0x00007fffeeb00000 - 0x00007fffeeb6a000 	C:\WINDOWS\system32\mswsock.dll
0x00007fffded10000 - 0x00007fffded23000 	C:\Program Files\Java\jdk-13.0.2\bin\nio.dll
0x00007fffe5530000 - 0x00007fffe5539000 	C:\Program Files\Java\jdk-13.0.2\bin\management.dll
0x00007fffde700000 - 0x00007fffde70b000 	C:\Program Files\Java\jdk-13.0.2\bin\management_ext.dll
0x00007fffdee00000 - 0x00007fffdee17000 	C:\WINDOWS\system32\napinsp.dll
0x00007fffdede0000 - 0x00007fffdedfb000 	C:\WINDOWS\system32\pnrpnsp.dll
0x00007fffc4420000 - 0x00007fffc4435000 	C:\WINDOWS\system32\wshbth.dll
0x00007fffe7730000 - 0x00007fffe774d000 	C:\WINDOWS\system32\NLAapi.dll
0x00007fffee7a0000 - 0x00007fffee7db000 	C:\WINDOWS\SYSTEM32\IPHLPAPI.DLL
0x00007fffee7f0000 - 0x00007fffee8bb000 	C:\WINDOWS\SYSTEM32\DNSAPI.dll
0x00007ffff0250000 - 0x00007ffff0258000 	C:\WINDOWS\System32\NSI.dll
0x00007fffdedc0000 - 0x00007fffdedd2000 	C:\WINDOWS\System32\winrnr.dll
0x00007fffe26e0000 - 0x00007fffe26ea000 	C:\Windows\System32\rasadhlp.dll
0x00007fffe1f50000 - 0x00007fffe1fcf000 	C:\WINDOWS\System32\fwpuclnt.dll
0x00007fffef310000 - 0x00007fffef337000 	C:\WINDOWS\System32\bcrypt.dll
0x00007fffeecd0000 - 0x00007fffeece8000 	C:\WINDOWS\SYSTEM32\CRYPTSP.dll
0x00007fffee430000 - 0x00007fffee464000 	C:\WINDOWS\system32\rsaenh.dll
0x00007fffef1d0000 - 0x00007fffef1fe000 	C:\WINDOWS\SYSTEM32\USERENV.dll
0x00007fffeecf0000 - 0x00007fffeecfc000 	C:\WINDOWS\SYSTEM32\CRYPTBASE.dll
0x00007fffe6de0000 - 0x00007fffe6df7000 	C:\WINDOWS\SYSTEM32\dhcpcsvc6.DLL
0x00007fffe6f20000 - 0x00007fffe6f3d000 	C:\WINDOWS\SYSTEM32\dhcpcsvc.DLL
0x00007fffdeba0000 - 0x00007fffdebc5000 	C:\Program Files\Java\jdk-13.0.2\bin\sunec.dll

dbghelp: loaded successfully - version: 4.0.5 - missing functions: none
symbol engine: initialized successfully - sym options: 0x614 - pdb path: .;C:\Program Files\Java\jdk-13.0.2\bin;C:\WINDOWS\SYSTEM32;C:\WINDOWS\WinSxS\amd64_microsoft.windows.common-controls_6595b64144ccf1df_6.0.19041.844_none_ca00b6081b84eb1d;C:\Program Files\Java\jdk-13.0.2\bin\server

VM Arguments:
jvm_args: -Dfile.encoding=UTF-8 
java_command: com.tecnocode.TecnocodeApplication
java_class_path (initial): C:\Users\carol\tecnocode\tecnocode\backend\target\classes;C:\Users\carol\.m2\repository\org\springframework\boot\spring-boot-starter\2.4.4\spring-boot-starter-2.4.4.jar;C:\Users\carol\.m2\repository\org\springframework\boot\spring-boot\2.4.4\spring-boot-2.4.4.jar;C:\Users\carol\.m2\repository\org\springframework\boot\spring-boot-autoconfigure\2.4.4\spring-boot-autoconfigure-2.4.4.jar;C:\Users\carol\.m2\repository\org\springframework\boot\spring-boot-starter-logging\2.4.4\spring-boot-starter-logging-2.4.4.jar;C:\Users\carol\.m2\repository\ch\qos\logback\logback-classic\1.2.3\logback-classic-1.2.3.jar;C:\Users\carol\.m2\repository\ch\qos\logback\logback-core\1.2.3\logback-core-1.2.3.jar;C:\Users\carol\.m2\repository\org\apache\logging\log4j\log4j-to-slf4j\2.13.3\log4j-to-slf4j-2.13.3.jar;C:\Users\carol\.m2\repository\org\apache\logging\log4j\log4j-api\2.13.3\log4j-api-2.13.3.jar;C:\Users\carol\.m2\repository\org\slf4j\jul-to-slf4j\1.7.30\jul-to-slf4j-1.7.30.jar;C:\Users\carol\.m2\repository\jakarta\annotation\jakarta.annotation-api\1.3.5\jakarta.annotation-api-1.3.5.jar;C:\Users\carol\.m2\repository\org\springframework\spring-core\5.3.5\spring-core-5.3.5.jar;C:\Users\carol\.m2\repository\org\springframework\spring-jcl\5.3.5\spring-jcl-5.3.5.jar;C:\Users\carol\.m2\repository\org\yaml\snakeyaml\1.27\snakeyaml-1.27.jar;C:\Users\carol\.m2\repository\org\springframework\boot\spring-boot-devtools\2.4.4\spring-boot-devtools-2.4.4.jar;C:\Users\carol\.m2\repository\com\oracle\database\jdbc\ojdbc8\19.8.0.0\ojdbc8-19.8.0.0.jar;C:\Users\carol\.m2\repository\org\springframework\boot\spring-boot-configuration-processor\2.4.4\spring-boot-configuration-processor-2.4.4.jar;C:\Users\carol\.m2\repository\org\projectlombok\lombok\1.18.18\lombok-1.18.18.jar;C:\Users\carol\.m2\repository\org\springframework\boot\spring-boot-starter-web\2.4.4\spring-boot-starter-web-2.4.4.jar;C:\Users\carol\.m2\repository\org\springframework\boot\spring-boot-starter-json\2.4.4\s
Launcher Type: SUN_STANDARD

[Global flags]
     intx CICompilerCount                          = 4                                         {product} {ergonomic}
     uint ConcGCThreads                            = 2                                         {product} {ergonomic}
     uint G1ConcRefinementThreads                  = 8                                         {product} {ergonomic}
   size_t G1HeapRegionSize                         = 1048576                                   {product} {ergonomic}
    uintx GCDrainStackTargetSize                   = 64                                        {product} {ergonomic}
   size_t InitialHeapSize                          = 134217728                                 {product} {ergonomic}
   size_t MarkStackSize                            = 4194304                                   {product} {ergonomic}
   size_t MaxHeapSize                              = 2116026368                                {product} {ergonomic}
   size_t MaxNewSize                               = 1268776960                                {product} {ergonomic}
   size_t MinHeapDeltaBytes                        = 1048576                                   {product} {ergonomic}
   size_t MinHeapSize                              = 8388608                                   {product} {ergonomic}
    uintx NonNMethodCodeHeapSize                   = 5839372                                {pd product} {ergonomic}
    uintx NonProfiledCodeHeapSize                  = 122909434                              {pd product} {ergonomic}
    uintx ProfiledCodeHeapSize                     = 122909434                              {pd product} {ergonomic}
    uintx ReservedCodeCacheSize                    = 251658240                              {pd product} {ergonomic}
     bool SegmentedCodeCache                       = true                                      {product} {ergonomic}
   size_t SoftMaxHeapSize                          = 2116026368                             {manageable} {ergonomic}
     bool UseCompressedClassPointers               = true                                 {lp64_product} {ergonomic}
     bool UseCompressedOops                        = true                                 {lp64_product} {ergonomic}
     bool UseG1GC                                  = true                                      {product} {ergonomic}
     bool UseLargePagesIndividualAllocation        = false                                  {pd product} {ergonomic}

Logging:
Log output configuration:
 #0: stdout all=warning uptime,level,tags
 #1: stderr all=off uptime,level,tags

Environment Variables:
JAVA_HOME=C:\Program Files (x86)\Java\jdk1.8.0_281
PATH=C:/Program Files/Java/jdk-13.0.2/bin/server;C:/Program Files/Java/jdk-13.0.2/bin;C:\ProgramData\Oracle\Java\javapath;C:\Program Files (x86)\Falcon\MinGW\bin;C:\Program Files\Microsoft MPI\Bin\;C:\Program Files (x86)\Common Files\Oracle\Java\javapath;C:\WINDOWS\system32;C:\WINDOWS;C:\WINDOWS\System32\Wbem;C:\WINDOWS\System32\WindowsPowerShell\v1.0\;C:\WINDOWS\System32\OpenSSH\;C:\Program Files\dotnet\;C:\Program Files\Microsoft SQL Server\130\Tools\Binn\;C:\Program Files\Microsoft SQL Server\Client SDK\ODBC\170\Tools\Binn\;C:\Program Files (x86)\Microsoft SQL Server\150\DTS\Binn\;C:\Program Files (x86)\Microsoft SQL Server\140\Tools\Binn\;C:\Program Files\Microsoft SQL Server\140\Tools\Binn\;C:\Program Files (x86)\Microsoft SQL Server\140\DTS\Binn\;C:\Program Files\Microsoft SQL Server\140\DTS\Binn\;C:\Program Files\Microsoft SQL Server\Client SDK\ODBC\130\Tools\Binn\;C:\Program Files\nodejs\;C:\Program Files (x86)\dotnet\;C:\Program Files (x86)\Intel\Intel(R) Management Engine Components\DAL;C:\Program Files\Intel\Intel(R) Management Engine Components\DAL;C:\Program Files\Git\cmd;C:\Program Files\MySQL\MySQL Shell 8.0\bin\;C:\Users\carol\AppData\Local\Programs\Python\Python38\Scripts\;C:\Users\carol\AppData\Local\Programs\Python\Python38\;C:\Users\carol\AppData\Local\Microsoft\WindowsApps;C:\Users\carol\AppData\Local\Programs\Microsoft VS Code\bin;C:\Program Files\JetBrains\IntelliJ IDEA Community Edition 2020.3.3\bin;;C:\Users\carol\AppData\Roaming\npm;C:\Program Files (x86)\Sophos\Sophos SSL VPN Client\bin;C:\maven\bin;;C:\Users\carol\OneDrive\Área de Trabalho;
USERNAME=Caroline
OS=Windows_NT
PROCESSOR_IDENTIFIER=Intel64 Family 6 Model 142 Stepping 12, GenuineIntel



---------------  S Y S T E M  ---------------

OS: Windows 10 , 64 bit Build 19041 (10.0.19041.804)

CPU:total 8 (initial active 8) (4 cores per cpu, 2 threads per core) family 6 model 142 stepping 12, cmov, cx8, fxsr, mmx, sse, sse2, sse3, ssse3, sse4.1, sse4.2, popcnt, avx, avx2, aes, clmul, erms, 3dnowpref, lzcnt, ht, tsc, tscinvbit, bmi1, bmi2, adx, fma

Memory: 4k page, system-wide physical 8068M (489M free)
TotalPageFile size 8068M (AvailPageFile size 15M)
current process WorkingSet (physical memory assigned to process): 237M, peak: 237M
current process commit charge ("private bytes"): 278M, peak: 290M

vm_info: Java HotSpot(TM) 64-Bit Server VM (13.0.2+8) for windows-amd64 JRE (13.0.2+8), built on Dec 11 2019 09:20:33 by "mach5one" with unknown MS VC++:1916

END.
